

Character Set Scanner v2.2 : Release 11.2.0.1.0 - Production on Wed May 7 20:21:48 2014

Copyright (c) 1982, 2009, Oracle and/or its affiliates.  All rights reserved.


Connected to:
Oracle Database 11g Enterprise Edition Release 11.2.0.1.0 - Production
With the Partitioning, OLAP, Data Mining and Real Application Testing options

Enter array fetch buffer size: 1024000 > 
Enter number of scan processes to utilize(1..64): 1 > 
Enumerating tables to scan...

. process 1 scanning SYS.SOURCE$[AAAADfAABAAAAXYAAA]
. process 1 scanning SYS.METHOD$[AAAAH3AABAAAAzgAAA]
. process 1 scanning SYS.PARAMETER$[AAAAH3AABAAAAzgAAA]
. process 1 scanning SYS.TYPE$[AAAAH3AABAAAAzgAAA]
. process 1 scanning SYS.ATTRIBUTE$[AAAAH3AABAAAAzgAAA]
. process 1 scanning SYS.TAB$[AAAAACAABAAAACQAAA]
. process 1 scanning SYS.ATTRCOL$[AAAAACAABAAAACQAAA]
. process 1 scanning SYS.LIBRARY$[AAAAACAABAAAACQAAA]
. process 1 scanning SYS.NTAB$[AAAAACAABAAAACQAAA]
. process 1 scanning SYS.TYPE_MISC$[AAAAACAABAAAACQAAA]
. process 1 scanning SYS.ASSEMBLY$[AAAAACAABAAAACQAAA]
. process 1 scanning SYS.LOB$[AAAAACAABAAAACQAAA]
. process 1 scanning SYS.OPQTYPE$[AAAAACAABAAAACQAAA]
. process 1 scanning SYS.IND$[AAAAACAABAAAACQAAA]
. process 1 scanning SYS.ICOL$[AAAAACAABAAAACQAAA]
. process 1 scanning SYS.VIEWTRCOL$[AAAAACAABAAAACQAAA]
. process 1 scanning SYS.COL$[AAAAACAABAAAACQAAA]
. process 1 scanning SYS.CLU$[AAAAACAABAAAACQAAA]
. process 1 scanning SYS.ARGUMENT$[AAAADeAABAAAAXQAAA]
. process 1 scanning MDSYS.SDO_CS_SRS[AAAPLFAACAAAEuwAAA]
. process 1 scanning SYS.IDL_CHAR$[AAAADhAABAAAAXoAAA]
. process 1 scanning SYS.OBJ$[AAAAASAABAAAADwAAA]
. process 1 scanning APEX_030200.WWV_FLOW_PAGE_PLUGS[AAAPmCAACAAAFtYAAA]
. process 1 scanning XDB.XDB$RESOURCE[AAANsNAACAAADdYAAA]
. process 1 scanning APEX_030200.WWV_FLOW_STEP_ITEMS[AAAPk7AACAAAGBAAAA]
. process 1 scanning SYS.HISTGRM$[AAAAGkAABAAAAoAAAA]
. process 1 scanning SYS.VIEW$[AAAABFAABAAAAJwAAA]
. process 1 scanning APEX_030200.WWV_FLOW_DICTIONARY$[AAAPnXAACAAAHoAAAA]
. process 1 scanning SYS.JAVASNM$[AAAAI5AABAAAA7AAAA]
. process 1 scanning SYS.WRH$_SQL_PLAN[AAABhFAACAAABCoAAA]
. process 1 scanning XDB.XDB$ELEMENT[AAANpZAACAAADIwAAA]
. process 1 scanning APEX_030200.WWV_FLOW_STEP_PROCESSING[AAAPlMAACAAAGDgAAA]
. process 1 scanning SYS.JAVAOBJ$[AAAAI3AABAAAA6wAAA]
. process 1 scanning SYS.SETTINGS$[AAAADlAABAAAAYIAAA]
. process 1 scanning SYS.SYN$[AAAABEAABAAAAJoAAA]
. process 1 scanning SYS.WRI$_OPTSTAT_HISTHEAD_HISTORY[AAAAHUAACAAAAOYAAA]
. process 1 scanning APEX_030200.WWV_FLOW_REGION_REPORT_COLUMN[AAAPruAACAAAGSQAAA]
. process 1 scanning APEX_030200.WWV_FLOW_STEP_ITEM_HELP[AAAPlBAACAAAGBwAAA]
. process 1 scanning SYS.WRI$_OPTSTAT_HISTGRM_HISTORY[AAAAHZAACAAAAPAAAA]
. process 1 scanning MDSYS.SDO_COORD_REF_SYS[AAAPKtAACAAAEtYAAA]
. process 1 scanning XDB.XDB$H_LINK[AAANh/AACAAACUwAAA]
. process 1 scanning SYS.SYS$SERVICE_METRICS_TAB[AAADI9AACAAACEAAAA]
. process 1 scanning SYS.COM$[AAAACIAABAAAAQ4AAA]
. process 1 scanning SYS.CCOL$[AAAAAdAABAAAAEoAAA]
. process 1 scanning SYS.CDEF$[AAAAAdAABAAAAEoAAA]
. process 1 scanning APEX_030200.WWV_FLOW_STEPS[AAAPklAACAAAFsQAAA]
. process 1 scanning SYS.PROCEDUREINFO$[AAAADdAABAAAAXIAAA]
. process 1 scanning APEX_030200.WWV_FLOW_LIST_ITEMS[AAAPnGAACAAAG5oAAA]
. process 1 scanning APEX_030200.WWV_FLOW_STEP_VALIDATIONS[AAAPlIAACAAAGC4AAA]
. process 1 scanning SYS.METASCRIPTFILTER$[AAAAQDAABAAABpoAAA]
. process 1 scanning SYS.WRH$_SQLSTAT[AAAQObAACAAABGoAAA]
. process 1 scanning APEX_030200.WWV_FLOW_STEP_BUTTONS[AAAPkuAACAAAF/wAAA]
. process 1 scanning SYS.WRH$_SQLTEXT[AAABg/AACAAABB4AAA]
. process 1 scanning APEX_030200.WWV_FLOW_STEP_BRANCHES[AAAPkyAACAAAGAYAAA]
. process 1 scanning XDB.XDB$COMPLEX_TYPE[AAANlPAACAAACngAAA]
. process 1 scanning SYS.TRIGGER$[AAAACfAABAAAATwAAA]
. process 1 scanning APEX_030200.WWV_FLOW_LIST_OF_VALUES_DATA[AAAPkfAACAAAGPgAAA]
. process 1 scanning LEG.SUB_MON_STAT[AAAQSRAAEAAAACIAAA]
. process 1 scanning SYS.WRH$_SQLSTAT[AAAQPsAACAAAKfYAAA]
. process 1 scanning APEX_030200.WWV_FLOW_MESSAGES$[AAAPm3AACAAAF4wAAA]
. process 1 scanning SYS.PLSCOPE_ACTION$[AAAAEEAACAAAAF4AAA]
. process 1 scanning APEX_030200.WWV_FLOW_TEMPLATES[AAAPjvAACAAAFuwAAA]
. process 1 scanning MDSYS.SDO_COORD_OPS[AAAPK1AACAAAE1YAAA]
. process 1 scanning XDB.XDB$ATTRIBUTE[AAANpvAACAAADLgAAA]
. process 1 scanning MDSYS.SDO_COORD_OP_PARAM_VALS[AAAPLAAACAAAEuIAAA]
. process 1 scanning APEX_030200.WWV_FLOW_STEP_COMPUTATIONS[AAAPlEAACAAAGCQAAA]
. process 1 scanning SYS.WRH$_PARAMETER[AAAQPBAACAAABE4AAA]
. process 1 scanning SYS.WRH$_PARAMETER[AAAQQSAACAAAKrgAAA]
. process 1 scanning SYS.METAFILTER$[AAAAP4AABAAABoQAAA]
. process 1 scanning APEX_030200.WWV_FLOW_LISTS_OF_VALUES$[AAAPkbAACAAAGPAAAA]
. process 1 scanning XDB.XDB$SIMPLE_TYPE[AAANjBAACAAACVwAAA]
. process 1 scanning SYS.METANAMETRANS$[AAAAQGAABAAABqAAAA]
. process 1 scanning ORDDATA.ORDDCM_STD_ATTRS_WRK[AAAODlAACAAAEWoAAA]
. process 1 scanning APEX_030200.WWV_FLOW_WORKSHEET_COLUMNS[AAAPubAACAAAHW4AAA]
. process 1 scanning APEX_030200.WWV_FLOW_MENU_OPTIONS[AAAPqCAACAAAG8AAAA]
. process 1 scanning XDB.XDB$SEQUENCE_MODEL[AAANpBAACAAADFwAAA]
. process 1 scanning APEX_030200.WWV_FLOW_PAGE_PLUG_TEMPLATES[AAAPlYAACAAAFw4AAA]
. process 1 scanning SYS.WRI$_ADV_PARAMETERS[AAABZNAACAAAApgAAA]
. process 1 scanning ORDDATA.ORDDCM_STD_ATTRS[AAAOBUAACAAAEjQAAA]
. process 1 scanning SYS.WRH$_ENQUEUE_STAT[AAABhfAACAAABFYAAA]
. process 1 scanning SYS.CON$[AAAAAcAABAAAAEgAAA]
. process 1 scanning SYS.PROCEDURE$[AAAADcAABAAAAXAAAA]
. process 1 scanning SYS.WRI$_OPTSTAT_IND_HISTORY[AAAAHRAACAAAAOAAAA]
. process 1 scanning SYS.VTABLE$[AAAAIqAABAAAA5IAAA]
. process 1 scanning APEX_030200.WWV_FLOW_LIST_TEMPLATES[AAAPluAACAAAFyIAAA]
. process 1 scanning XDB.XDB$SCHEMA[AAANrXAACAAADYgAAA]
. process 1 scanning SYS.WRH$_SQL_BIND_METADATA[AAABhJAACAAABDIAAA]
. process 1 scanning XDB.XDB$ATTRGROUP_REF[AAANrJAACAAADWwAAA]
. process 1 scanning SYS.PROCEDUREJAVA$[AAAAD1AABAAAAcAAAA]
. process 1 scanning SYS.WRH$_PARAMETER_NAME[AAABjPAACAAABQYAAA]
. process 1 scanning SYS.PLSCOPE_IDENTIFIER$[AAAAEBAACAAAAFgAAA]
. process 1 scanning SYS.WRH$_EVENT_NAME[AAABhTAACAAABEIAAA]
. process 1 scanning APEX_030200.WWV_FLOW_RANDOM_IMAGES[AAAPt2AACAAAHigAAA]
. process 1 scanning SYS.METASCRIPT$[AAAAQAAABAAABpQAAA]
. process 1 scanning SYS.WRH$_LIBRARYCACHE[AAABiBAACAAABIYAAA]
. process 1 scanning MDSYS.SDO_DATUMS[AAAPKlAACAAAExAAAA]
. process 1 scanning APEX_030200.WWV_FLOW_LISTS[AAAPnEAACAAAG5QAAA]
. process 1 scanning SYS.METAXSLPARAM$[AAAAP7AABAAABooAAA]
. process 1 scanning SYS.METAPATHMAP$[AAAAQJAABAAABqYAAA]
. process 1 scanning SYS.WRI$_OPTSTAT_TAB_HISTORY[AAAAHOAACAAAANoAAA]
. process 1 scanning SYS.METASTYLESHEET[AAAAP9AABAAABo4AAA]
. process 1 scanning SYS.WRH$_ROWCACHE_SUMMARY[AAAQO1AACAAABVoAAA]
. process 1 scanning SYS.WRH$_ROWCACHE_SUMMARY[AAAQQGAACAAAKqYAAA]
. process 1 scanning SYS.WRH$_ACTIVE_SESSION_HISTORY[AAAQPNAACAAAKV4AAA]
. process 1 scanning SYS.WRH$_ACTIVE_SESSION_HISTORY[AAAQQeAACAAAKtIAAA]
. process 1 scanning SYS.WRI$_ADV_SQLT_PLANS[AAABaSAACAAAAxgAAA]
. process 1 scanning MDSYS.SDO_STYLES_TABLE[AAAPOgAACAAAFPgAAA]
. process 1 scanning APEX_030200.WWV_FLOW_ROW_TEMPLATES[AAAPliAACAAAF0oAAA]
. process 1 scanning APEX_030200.WWV_FLOW_WORKSHEETS[AAAPt8AACAAAHV4AAA]
. process 1 scanning XDB.XDB$CHOICE_MODEL[AAANopAACAAADCwAAA]
. process 1 scanning SYS.WRI$_DBU_FEATURE_METADATA[AAABeJAACAAAA1IAAA]
. process 1 scanning SYS.WRH$_MEM_DYNAMIC_COMP[AAABk8AACAAABcQAAA]
. process 1 scanning SYS.WRI$_ADV_RATIONALE[AAABZuAACAAAAtgAAA]
. process 1 scanning SYS.BOOTSTRAP$[AAAAA7AABAAAAIIAAA]
. process 1 scanning SYS.CONTEXT$[AAAACSAABAAAASIAAA]
. process 1 scanning SYS.FGACOL$[AAAAGHAABAAAAk4AAA]
. process 1 scanning SYS.XS$VERIFIERS[AAAAGXAABAAAAm4AAA]
. process 1 scanning SYS.DIR$[AAAAHvAABAAAAywAAA]
. process 1 scanning SYS.PARTOBJ$[AAAAI8AABAAAA7QAAA]
. process 1 scanning SYS.INDCOMPART$[AAAAJbAABAAAA/QAAA]
. process 1 scanning SYS.SUMDELTA$[AAAAJzAABAAABCQAAA]
. process 1 scanning SYS.CDC_CHANGE_COLUMNS$[AAAAKuAABAAABJIAAA]
. process 1 scanning SYS.FGR$_FILE_GROUP_FILES[AAAAMbAABAAABVAAAA]
. process 1 scanning SYS.OLAP_IMPL_OPTIONS$[AAAAObAABAAABcYAAA]
. process 1 scanning SYS.OLAP_MULTI_OPTIONS$[AAAAOdAABAAABcoAAA]
. process 1 scanning SYS.OLAP_ATTRIBUTE_VISIBILITY$[AAAAOlAABAAABdoAAA]
. process 1 scanning SYS.SUM$[AAAAO3AABAAABf4AAA]
. process 1 scanning SYS.SUMDETAIL$[AAAAO9AABAAABgoAAA]
. process 1 scanning SYS.LOGMNRG_PROPS$[AAAARpAABAAABwYAAA]
. process 1 scanning SYSTEM.MVIEW$_ADV_FILTERINSTANCE[AAABAPAABAAACKYAAA]
. process 1 scanning SYS.CHNF$_QUERY_DEPENDENCIES[AAABUzAABAAACtAAAA]
. process 1 scanning SYS.AQ$_REPLAY_INFO[AAABXkAABAAACwoAAA]
. process 1 scanning SYS.SCHEDULER$_SRCQ_INFO[AAABbnAABAAAC5gAAA]
. process 1 scanning SYS.SCHEDULER$_EVTQ_SUB[AAABbrAABAAAC6IAAA]
. process 1 scanning SYSTEM.DEF$_CALLDEST[AAABqeAABAAADKQAAA]
. process 1 scanning SYSTEM.DEF$_ORIGIN[AAABquAABAAADMQAAA]
. process 1 scanning SYSTEM.REPCAT$_REPCATLOG[AAABr+AABAAADR4AAA]
. process 1 scanning SYSTEM.REPCAT$_RESOL_STATS_CONTROL[AAABumAABAAADWAAAA]
. process 1 scanning SYS.DBFS_SFS$_FST[AAAB36AABAAADkgAAA]
. process 1 scanning SYS.DBMS_ALERT_INFO[AAACxxAABAAAFVQAAA]
. process 1 scanning SYS.HS$_PARALLEL_METADATA[AAADDMAABAAAG4wAAA]
. process 1 scanning SYS.AQ_PROP_TABLE[AAADEPAABAAAG9YAAA]
. process 1 scanning SYS.JAVA$JVM$STEPS$DONE[AAADSzAABAAAHnwAAA]
. process 1 scanning SYS.JAVA$RMJVM$AUX2[AAADS3AABAAAH4AAAA]
. process 1 scanning SYS.XDB_INSTALLATION_TAB[AAANhvAABAAANhIAAA]
. process 1 scanning SYS.SMB$CONFIG[AAAAC9AACAAAACIAAA]
. process 1 scanning SYS.COMPARISON_COL$[AAAANGAACAAAAUYAAA]
. process 1 scanning SYS.STREAMS$_COMPONENT[AAAANRAACAAAAVgAAA]
. process 1 scanning SYSTEM.LOGMNR_SESSION_ACTIONS$[AAACSiAACAAAAe4AAA]
. process 1 scanning SYS.WRI$_SEGADV_OBJLIST[AAABLwAACAAAAh4AAA]
. process 1 scanning SYS.TRANSACTION_BACKOUT_REPORT$[AAABOsAACAAAAkgAAA]
. process 1 scanning SYS.WRI$_ADV_ADDM_INST[AAABadAACAAAAyoAAA]
. process 1 scanning SYS.WRI$_SQLSET_STATEMENTS[AAABf4AACAAAA7QAAA]
. process 1 scanning SYS.WRI$_SQLSET_PLANS[AAABf8AACAAAA7wAAA]
. process 1 scanning SYS.WRH$_WAITSTAT_BL[AAABhdAACAAABFIAAA]
. process 1 scanning SYS.WRH$_PGASTAT[AAABiZAACAAABKoAAA]
. process 1 scanning SYS.WRH$_PARAMETER_BL[AAABjJAACAAABPoAAA]
. process 1 scanning SYS.WRH$_CLUSTER_INTERCON[AAABk2AACAAABbgAAA]
. process 1 scanning SYS.WRH$_IC_DEVICE_STATS[AAABk4AACAAABbwAAA]
. process 1 scanning SYS.WRM$_SNAP_ERROR[AAABlxAACAAABegAAA]
. process 1 scanning SYS.WRM$_BASELINE_DETAILS[AAABl3AACAAABfQAAA]
. process 1 scanning SYS.WRI$_ADV_SQLW_TABVOL[AAABqFAACAAABkgAAA]
. process 1 scanning SYS.DBFS_HS$_BACKUPFILETABLE[AAAB4SAACAAABzIAAA]
. process 1 scanning SYS.DBFS_HS$_STOREPROPERTIES[AAAB4cAACAAABzwAAA]
. process 1 scanning WMSYS.WM$SYSPARAM_ALL_VALUES[AAADQSAACAAACLgAAA]
. process 1 scanning WMSYS.WM$EVENT_AUX_PARAMS_NT[AAADQ/AACAAACMAAAA]
. process 1 scanning WMSYS.AQ$_WM$EVENT_QUEUE_TABLE_L[AAADRQAACAAACNoAAA]
. process 1 scanning XDB.fallback43_TAB[AAANxkAACAAADxYAAA]
. process 1 scanning XDB.SYS_NTUdtx8853RUeS+pVFpSeRTA==[AAANx2AACAAADywAAA]
. process 1 scanning ORDDATA.ORDDCM_ANON_ACTION_TYPES[AAAOBuAACAAAESYAAA]
. process 1 scanning ORDDATA.ORDDCM_ANON_RULES_WRK[AAAOD3AACAAAEYwAAA]
. process 1 scanning ORDDATA.ORDDCM_CT_ACTION_WRK[AAAOEnAACAAAEeYAAA]
. process 1 scanning ORDDATA.ORDDCM_ANON_ATTRS[AAAOByAACAAAEoQAAA]
. process 1 scanning MDSYS.SDO_COORD_OP_METHODS[AAAPK0AACAAAE1IAAA]
. process 1 scanning APEX_030200.WWV_COLUMN_EXCEPTIONS[AAAPvSAACAAAFiwAAA]
. process 1 scanning APEX_030200.WWV_FLOW_LOV_VALUES[AAAPn4AACAAAFjYAAA]
. process 1 scanning APEX_030200.WWV_FLOW_SW_SET_KEYWORDS[AAAPo7AACAAAFlwAAA]
. process 1 scanning APEX_030200.WWV_FLOW_PICK_END_USERS[AAAPzMAACAAAFoAAAA]
. process 1 scanning APEX_030200.WWV_FLOW_COUNTRIES[AAAPzUAACAAAFowAAA]
. process 1 scanning APEX_030200.WWV_FLOW_HNT_TABLE_INFO[AAAPrSAACAAAFqAAAA]
. process 1 scanning APEX_030200.WWV_FLOW_SECURITY_SCHEMES[AAAPjHAACAAAGNQAAA]
. process 1 scanning APEX_030200.WWV_FLOW_QUERY_OBJECT[AAAPrkAACAAAHAoAAA]
. process 1 scanning DBSNMP.BSLN_BASELINES[AAADJ2AACAAAKUwAAA]
. process 1 scanning SYS.FILE$[AAAAARAABAAAADoAAA]
. process 1 scanning SYS.PROPS$[AAAABiAABAAAAMgAAA]
. process 1 scanning SYS.TRIGGERJAVAS$[AAAACmAABAAAAUoAAA]
. process 1 scanning SYS.PENDING_TRANS$[AAAAEHAABAAAAdQAAA]
. process 1 scanning SYS.MAP_FILE_EXTENT$[AAAAERAABAAAAeIAAA]
. process 1 scanning SYS.PROFNAME$[AAAAEZAABAAAAe4AAA]
. process 1 scanning SYS.RESOURCE_MAPPING_PRIORITY$[AAAAEqAABAAAAgoAAA]
. process 1 scanning SYS.RESOURCE_STORAGE_POOL_MAPPING$[AAAAErAABAAAAgwAAA]
. process 1 scanning SYS.USER_HISTORY$[AAAAF1AABAAAAioAAA]
. process 1 scanning SYS.SUMPARTLOG$[AAAAJwAABAAABB4AAA]
. process 1 scanning SYS.MLOG$[AAAAJ5AABAAABDAAAA]
. process 1 scanning SYS.CDC_SUBSCRIBED_COLUMNS$[AAAAKrAABAAABI4AAA]
. process 1 scanning SYS.CDC_PROPAGATED_SETS$[AAAAKzAABAAABJoAAA]
. process 1 scanning SYS.STREAMS$_PROPAGATION_PROCESS[AAAALCAABAAABLYAAA]
. process 1 scanning SYS.STREAMS$_PREPARE_DDL[AAAALMAABAAABMgAAA]
. process 1 scanning SYS.APPLY$_SOURCE_SCHEMA[AAAALhAABAAABO4AAA]
. process 1 scanning SYS.APPLY$_DEST_OBJ[AAAALoAABAAABPwAAA]
. process 1 scanning SYS.APPLY$_DEST_OBJ_OPS[AAAALvAABAAABQgAAA]
. process 1 scanning SYS.STREAMS$_MESSAGE_RULES[AAAAMLAABAAABTYAAA]
. process 1 scanning SYS.STREAMS$_MESSAGE_CONSUMERS[AAAAMNAABAAABToAAA]
. process 1 scanning SYS.REDEF$[AAAAMmAABAAABWgAAA]
. process 1 scanning SYS.REDEF_OBJECT$[AAAAMpAABAAABW4AAA]
. process 1 scanning SYS.XSTREAM$_SYSGEN_OBJS[AAAANeAABAAABYgAAA]
. process 1 scanning SYS.OLAP_MODELS$[AAAAOCAABAAABZQAAA]
. process 1 scanning SYS.OLAP_MODEL_PARENTS$[AAAAOEAABAAABZgAAA]
. process 1 scanning SYS.OLAP_MEAS_FOLDER_CONTENTS$[AAAAOYAABAAABcAAAA]
. process 1 scanning SYS.OLAP_DIMENSIONALITY$[AAAAOvAABAAABe4AAA]
. process 1 scanning SYS.SUMINLINE$[AAAAPAAABAAABhAAAA]
. process 1 scanning SYS.SUMKEY$[AAAAPEAABAAABhoAAA]
. process 1 scanning SYS.EXTERNAL_TAB$[AAAAQLAABAAABqoAAA]
. process 1 scanning SYS.LOGMNRG_LOGMNR_BUILDLOG[AAAARkAABAAABvoAAA]
. process 1 scanning SYS.LOGMNRG_NTAB$[AAAARlAABAAABvwAAA]
. process 1 scanning SYS.LOGMNRG_PARTOBJ$[AAAARsAABAAABwwAAA]
. process 1 scanning SYS.DST$ERROR_TABLE[AAAARwAABAAABxAAAA]
. process 1 scanning SYS.SYS_FBA_FA[AAAAS2AABAAAByQAAA]
. process 1 scanning SYS.SYS_FBA_DL[AAAATCAABAAABzwAAA]
. process 1 scanning SYSTEM.MVIEW$_ADV_BASETABLE[AAABADAABAAACIwAAA]
. process 1 scanning SYSTEM.MVIEW$_ADV_JOURNAL[AAABAlAABAAACNIAAA]
. process 1 scanning SYS.AQ$_MESSAGE_TYPES[AAABXxAABAAACyIAAA]
. process 1 scanning SYS.AQ$_PUBLISHER[AAABX6AABAAACzIAAA]
. process 1 scanning SYS.SCHEDULER$_JOB_ARGUMENT[AAABbZAABAAAC34AAA]
. process 1 scanning SYS.SCHEDULER$_WINDOW_GROUP[AAABb2AABAAAC6gAAA]
. process 1 scanning SYS.SCHEDULER$_SCHEDULE[AAABb9AABAAAC7YAAA]
. process 1 scanning SYSTEM.DEF$_ERROR[AAABqaAABAAADJwAAA]
. process 1 scanning SYSTEM.REPCAT$_REPCAT[AAABrQAABAAADNwAAA]
. process 1 scanning SYSTEM.REPCAT$_AUDIT_COLUMN[AAABvBAABAAADXAAAA]
. process 1 scanning SYSTEM.REPCAT$_REFRESH_TEMPLATES[AAABvpAABAAADYoAAA]
. process 1 scanning SYSTEM.REPCAT$_OBJECT_TYPES[AAABv+AABAAADZgAAA]
. process 1 scanning SYS.DBMS_PARALLEL_EXECUTE_CHUNKS$[AAAB3fAABAAADhoAAA]
. process 1 scanning SYS.DBFS_SFS$_FS[AAAB32AABAAADkIAAA]
. process 1 scanning SYS.SCHEDULER$_EVENT_QTAB[AAAC+oAABAAAGJgAAA]
. process 1 scanning SYS.SCHEDULER$_REMDB_JOBQTAB[AAAC/DAABAAAGpoAAA]
. process 1 scanning SYS.HS$_PARALLEL_PARTITION_DATA[AAADDWAABAAAG5wAAA]
. process 1 scanning SYS.EPG$_AUTH[AAANzkAABAAAN9gAAA]
. process 1 scanning SYS.WRI$_OPTSTAT_OPR[AAAAHeAACAAAAPoAAA]
. process 1 scanning SYS.STREAMS$_DATABASE[AAAANXAACAAAAWQAAA]
. process 1 scanning SYSTEM.LOGMNR_FILTER$[AAACRqAACAAAAeQAAA]
. process 1 scanning SYS.WRI$_REPT_REPORTS[AAABNtAACAAAAjIAAA]
. process 1 scanning SYS.SSCR_RES$[AAABXDAACAAAAnoAAA]
. process 1 scanning SYS.KET$_CLIENT_CONFIG[AAABe3AACAAAA4YAAA]
. process 1 scanning SYS.WRH$_COMP_IOSTAT[AAABgqAACAAAA/oAAA]
. process 1 scanning SYS.WRH$_BUFFER_POOL_STATISTICS[AAABiJAACAAABJIAAA]
. process 1 scanning SYS.WRH$_STAT_NAME[AAABjLAACAAABP4AAA]
. process 1 scanning SYS.WRH$_UNDOSTAT[AAABjZAACAAABRoAAA]
. process 1 scanning SYS.WRH$_LOG[AAABkLAACAAABWoAAA]
. process 1 scanning SYS.WRH$_SERVICE_WAIT_CLASS_BL[AAABkcAACAAABYQAAA]
. process 1 scanning SYS.WRR$_REPLAY_SQL_BINDS[AAABpzAACAAABiYAAA]
. process 1 scanning SYS.DBFS_HS$_STORECOMMANDS[AAAB4XAACAAABzgAAA]
. process 1 scanning SYSTEM.LOGSTDBY$APPLY_MILESTONE[AAACl2AACAAAB1gAAA]
. process 1 scanning SYS.AQ$_SYS$SERVICE_METRICS_TAB_L[AAADJKAACAAACC4AAA]
. process 1 scanning WMSYS.AQ$_WM$EVENT_QUEUE_TABLE_S[AAADRHAACAAACNIAAA]
. process 1 scanning XDB.XDB$ALL_MODEL[AAANoRAACAAAC/wAAA]
. process 1 scanning XDB.X$QN7WPV3MRATK9N1P340NGDFTF526[AAANuJAACAAADhgAAA]
. process 1 scanning XDB.XDB$WORKSPACE[AAANw7AACAAADtYAAA]
. process 1 scanning XDB.PRIN_PT[AAAN2VAACAAAEDoAAA]
ORA-30967: operation directly on the Path Table is disallowed

CSS-00144: failed to scan table XDB.PRIN_PT

. process 1 scanning ORDSYS.SI_FEATURES_TAB[AAAOA8AACAAAEOYAAA]
. process 1 scanning ORDDATA.ORDDCM_PREFS_DEF_VALUES_TAB[AAAOB3AACAAAEQAAAA]
. process 1 scanning ORDDATA.ORDDCM_DOC_TYPES[AAAOBEAACAAAERgAAA]
. process 1 scanning ORDDATA.ORDDCM_DOC_REFS_WRK[AAAODiAACAAAEZoAAA]
. process 1 scanning ORDDATA.ORDDCM_RT_PREF_PARAMS_WRK[AAAOD8AACAAAEaIAAA]
. process 1 scanning MDSYS.SDO_UNITS_OF_MEASURE[AAAPKgAACAAAEwAAAA]
. process 1 scanning APEX_030200.WWV_FLOW_LANGUAGES[AAAPjQAACAAAFnQAAA]
. process 1 scanning APEX_030200.WWV_FLOW_APPLICATION_GROUPS[AAAPiwAACAAAFq4AAA]
. process 1 scanning APEX_030200.WWV_FLOW_PLATFORM_PREFS[AAAPiqAACAAAGEYAAA]
. process 1 scanning APEX_030200.WWV_MIG_PLSQL_LIBS[AAAQAXAACAAAGGYAAA]
. process 1 scanning APEX_030200.WWV_MIG_RPT_XMLTAGTABLEMAP[AAAP/8AACAAAGKQAAA]
. process 1 scanning APEX_030200.WWV_FLOW_CALS[AAAPmRAACAAAGlQAAA]
. process 1 scanning APEX_030200.WWV_FLOW_QUERY_CONDITION[AAAPrrAACAAAHBgAAA]
. process 1 scanning SYS.ERROR$[AAAADkAABAAAAYAAAA]
. process 1 scanning SYS.RESOURCE_CATEGORY$[AAAAEnAABAAAAgQAAA]
. process 1 scanning SYS.SYSTEM_PRIVILEGE_MAP[AAAAFsAABAAAAh4AAA]
. process 1 scanning SYS.RLS_GRP$[AAAAF7AABAAAAjYAAA]
. process 1 scanning SYS.RLS_CTX$[AAAAF9AABAAAAjoAAA]
. process 1 scanning SYS.XS$PARAMETERS[AAAAGgAABAAAAnoAAA]
. process 1 scanning SYS.OPTSTAT_USER_PREFS$[AAAAHhAABAAAAygAAA]
. process 1 scanning SYS.OPBINDING$[AAAAIrAABAAAA5QAAA]
. process 1 scanning SYS.TABPART$[AAAAJAAABAAAA7wAAA]
. process 1 scanning SYS.REG_SNAP$[AAAAKRAABAAABFwAAA]
. process 1 scanning SYS.STREAMS$_PREPARE_OBJECT[AAAALKAABAAABMQAAA]
. process 1 scanning SYS.APPLY$_ERROR_HANDLER[AAAAMAAABAAABSAAAA]
. process 1 scanning SYS.OLAP_SYNTAX$[AAAAOKAABAAABaQAAA]
. process 1 scanning SYS.OLAP_AW_VIEW_COLUMNS$[AAAAOUAABAAABbgAAA]
. process 1 scanning SYS.OLAP_MEASURES$[AAAAOtAABAAABeoAAA]
. process 1 scanning SYS.SUMDEP$[AAAAPKAABAAABigAAA]
. process 1 scanning SYS.INCEXP[AAAAPkAABAAABlwAAA]
. process 1 scanning SYS.EXPPKGACT$[AAAAPsAABAAABmwAAA]
. process 1 scanning SYS.EXPIMP_TTS_CT$[AAAAPzAABAAABnoAAA]
. process 1 scanning SYS.METAXSL$[AAAAP6AABAAABogAAA]
. process 1 scanning SYS.LOGMNRG_TS$[AAAARTAABAAABtYAAA]
. process 1 scanning SYS.LOGMNRG_TYPE$[AAAARZAABAAABuQAAA]
. process 1 scanning SYS.REGISTRY$LOG[AAAATLAABAAAB2gAAA]
. process 1 scanning SYS.REGISTRY$ERROR[AAAATMAABAAAB2oAAA]
. process 1 scanning SYSTEM.MVIEW$_ADV_PARAMETERS[AAABAhAABAAACMoAAA]
. process 1 scanning SYS.ATTRIBUTE_TRANSFORMATIONS$[AAABPfAABAAACegAAA]
. process 1 scanning SYS.RULE_SET_IEUAC$[AAABPxAABAAACfIAAA]
. process 1 scanning SYS.RULE_SET$[AAABPzAABAAACfYAAA]
. process 1 scanning SYS.REC_TAB$[AAABQAAABAAACjAAAA]
. process 1 scanning SYS.RULE_SET_FOB$[AAABQQAABAAAClAAAA]
. process 1 scanning SYS.AQ$_SUBSCRIBER_TABLE[AAABXoAABAAACxIAAA]
. process 1 scanning SYSTEM.AQ$_SCHEDULES[AAABXsAABAAACxgAAA]
. process 1 scanning SYS.SCHEDULER$_CHAIN[AAABb/AABAAAC7oAAA]
. process 1 scanning SYS.SCHEDULER$_FILEWATCHER_HISTORY[AAABcZAABAAAC9oAAA]
. process 1 scanning SYSTEM.DEF$_AQCALL[AAADIWAABAAADMoAAA]
. process 1 scanning SYSTEM.DEF$_AQERROR[AAADIhAABAAADNQAAA]
. process 1 scanning SYSTEM.REPCAT$_TEMPLATE_PARMS[AAABwUAABAAADbAAAA]
. process 1 scanning SYSTEM.REPCAT$_TEMPLATE_SITES[AAABwvAABAAADcwAAA]
. process 1 scanning SYS.DBFS_SFS$_VOL[AAAB3yAABAAADjoAAA]
. process 1 scanning SYS.DBFS_SFS$_SNAP[AAAB30AABAAADj4AAA]
. process 1 scanning SYS.AQ$_SCHEDULER$_EVENT_QTAB_L[AAAC+1AABAAAGooAAA]
. process 1 scanning SYS.AQ$_SCHEDULER_FILEWATCHER_QT_S[AAAC/sAABAAAGugAAA]
. process 1 scanning SYS.HS$_CLASS_DD[AAADCFAABAAAG2IAAA]
. process 1 scanning SYS.HS_PARTITION_COL_NAME[AAADDNAABAAAG4QAAA]
. process 1 scanning SYS.AQ$_AQ_PROP_TABLE_L[AAADEcAABAAAG+YAAA]
. process 1 scanning SYS.JAVAJAR$[AAADS8AABAAAH4oAAA]
. process 1 scanning SYS.JAVA$RUNTIME$EXEC$USER$[AAADTOAABAAAH64AAA]
. process 1 scanning SYS.JAVA$POLICY$[AAAMpEAABAAAL7gAAA]
. process 1 scanning SYS.DIR$DATABASE_ATTRIBUTES[AAAAFeAACAAAAL4AAA]
. process 1 scanning SYS.XS$SESSION_APPNS[AAAAGeAACAAAANIAAA]
. process 1 scanning SYS.STREAMS$_APPLY_PROGRESS[AAAALQAACAAAARAAAA]
. process 1 scanning SYS.STREAMS$_APPLY_SPILL_TXN[AAAAMPAACAAAARgAAA]
. process 1 scanning SYS.WRI$_ADV_DEFINITIONS[AAABZAAACAAAAoAAAA]
. process 1 scanning SYS.WRI$_ADV_OBJECTS[AAABZXAACAAAAqoAAA]
. process 1 scanning SYS.WRI$_ADV_ACTIONS[AAABZoAACAAAAswAAA]
. process 1 scanning SYS.WRI$_SQLSET_STATISTICS[AAABgBAACAAAA8AAAA]
. process 1 scanning SYS.WRI$_SQLSET_PLAN_LINES[AAABgHAACAAAA8wAAA]
. process 1 scanning SYS.WRH$_TEMPFILE[AAABgoAACAAAA/YAAA]
. process 1 scanning SYS.WRH$_MEMORY_RESIZE_OPS[AAABirAACAAABM4AAA]
. process 1 scanning SYS.WRH$_BUFFERED_SUBSCRIBERS[AAABkmAACAAABZgAAA]
. process 1 scanning SYS.WRR$_REPLAY_DIVERGENCE[AAABpkAACAAABg4AAA]
. process 1 scanning SYS.WRI$_ADV_SQLW_TABLES[AAABqDAACAAABkQAAA]
. process 1 scanning SYSTEM.LOGMNRC_DBNAME_UID_MAP[AAACRCAACAAAB0oAAA]
. process 1 scanning SYSTEM.LOGSTDBY$HISTORY[AAACmDAACAAAB3IAAA]
. process 1 scanning WMSYS.WM$EVENTS_INFO[AAADReAACAAACOIAAA]
. process 1 scanning XDB.SYS_NTTFCtnMNWRqGw75sKftGqFg==[AAANvdAACAAADkYAAA]
. process 1 scanning ORDDATA.ORDDCM_INTERNAL_TAGS[AAAOBCAACAAAESoAAA]
. process 1 scanning ORDDATA.ORDDCM_PRV_ATTRS_WRK[AAAODoAACAAAEYgAAA]
. process 1 scanning ORDDATA.ORDDCM_CT_LOCATORPATHS_WRK[AAAOEkAACAAAEcwAAA]
. process 1 scanning ORDDATA.ORDDCM_CT_MACRO_PAR[AAAOCYAACAAAEqQAAA]
. process 1 scanning MDSYS.SDO_PRIME_MERIDIANS[AAAPKiAACAAAEwYAAA]
. process 1 scanning APEX_030200.WWV_FLOW_UPG_TAB_OBSOLETE[AAAPrLAACAAAFiIAAA]
. process 1 scanning APEX_030200.WWV_FLOW_ALT_CONFIG_PICK[AAAPjAAACAAAFkAAAA]
. process 1 scanning APEX_030200.WWV_FLOW_LANGUAGE_MAP[AAAPjUAACAAAF7QAAA]
. process 1 scanning APEX_030200.WWV_MIG_RESERVED_WORDS[AAAP/wAACAAAGFIAAA]
. process 1 scanning APEX_030200.WWV_FLOW_PROCESSING[AAAPkFAACAAAGOAAAA]
. process 1 scanning APEX_030200.WWV_FLOW_PATCHES[AAAPm7AACAAAHG4AAA]
. process 1 scanning DBSNMP.BSLN_STATISTICS[AAADJ5AACAAAKbgAAA]
. process 1 scanning SYS.UNDO$[AAAAAPAABAAAADgAAA]
. process 1 scanning SYS.TRIGGERDEP$[AAAACxAABAAAAVoAAA]
. process 1 scanning SYS.RESOURCE_PLAN$[AAAAElAABAAAAgAAAA]
. process 1 scanning SYS.RESOURCE_INSTANCE_CAPABILITY$[AAAAEtAABAAAAhAAAA]
. process 1 scanning SYS.RLS_SC$[AAAAF5AABAAAAjIAAA]
. process 1 scanning SYS.TAB_STATS$[AAAAGtAABAAAAtgAAA]
. process 1 scanning SYS.LOBFRAG$[AAAAJhAABAAABAAAAA]
. process 1 scanning SYS.SNAP_SITE$[AAAAKUAABAAABGIAAA]
. process 1 scanning SYS.CDC_CHANGE_SOURCES$[AAAAKhAABAAABHYAAA]
. process 1 scanning SYS.STREAMS$_APPLY_MILESTONE[AAAALOAABAAABMwAAA]
. process 1 scanning SYS.STREAMS$_STMT_HANDLER_STMTS[AAAAL1AABAAABRIAAA]
. process 1 scanning SYS.STREAMS$_DEST_OBJ_COLS[AAAAMHAABAAABS4AAA]
. process 1 scanning SYS.FGR$_FILE_GROUPS[AAAAMTAABAAABUAAAA]
. process 1 scanning SYS.REDEF_DEP_ERROR$[AAAAMrAABAAABXIAAA]
. process 1 scanning SYS.OLAP_CUBES$[AAAAOrAABAAABeYAAA]
. process 1 scanning SYS.SUMJOIN$[AAAAPIAABAAABiQAAA]
. process 1 scanning SYS.HIERLEVEL$[AAAAPVAABAAABj4AAA]
. process 1 scanning SYS.EXPPKGOBJ$[AAAAPqAABAAABmgAAA]
. process 1 scanning SYSTEM.LOGMNR_PARAMETER$[AAAARIAABAAABsAAAA]
. process 1 scanning SYS.LOGMNRG_KOPM$[AAAARoAABAAABwQAAA]
. process 1 scanning SYS.DST$AFFECTED_TABLES[AAAARvAABAAABw4AAA]
. process 1 scanning SYS.REGISTRY$[AAAATHAABAAAB2AAAA]
. process 1 scanning SYSTEM.MVIEW$_ADV_SQLDEPEND[AAABAFAABAAACJIAAA]
. process 1 scanning SYSTEM.MVIEW$_ADV_PLAN[AAABAnAABAAACNYAAA]
. process 1 scanning SYS.RULE$[AAABP1AABAAACfoAAA]
. process 1 scanning SYS.DAM_PARAM_TAB$[AAABTmAABAAACoIAAA]
. process 1 scanning SYS.CHNF$_QUERY_BINDS[AAABUsAABAAACswAAA]
. process 1 scanning SYS.SCHEDULER$_LWJOB_OBJ[AAABbUAABAAAC3QAAA]
. process 1 scanning SYS.KU_UTLUSE[AAABdmAABAAAC/YAAA]
. process 1 scanning SYSTEM.DEF$_PUSHED_TRANSACTIONS[AAABqvAABAAADMYAAA]
. process 1 scanning SYSTEM.REPCAT$_SNAPGROUP[AAABrfAABAAADPIAAA]
. process 1 scanning SYSTEM.REPCAT$_KEY_COLUMNS[AAABrtAABAAADQQAAA]
. process 1 scanning SYSTEM.REPCAT$_CONFLICT[AAABuDAABAAADUoAAA]
. process 1 scanning SYSTEM.REPCAT$_RESOLUTION[AAABuTAABAAADVIAAA]
. process 1 scanning SYSTEM.REPCAT$_TEMPLATE_TYPES[AAABvnAABAAADYYAAA]
. process 1 scanning SYSTEM.REPCAT$_SITE_OBJECTS[AAABw5AABAAADdIAAA]
. process 1 scanning SYSTEM.REPCAT$_RUNTIME_PARMS[AAABw9AABAAADdgAAA]
. process 1 scanning SYS.DBFS_SFS$_FSTO[AAAB4CAABAAADl4AAA]
. process 1 scanning SYS.DBMS_LOCK_ALLOCATED[AAACxsAABAAAFVAAAA]
. process 1 scanning SYS.SCHEDULER_FILEWATCHER_QT[AAAC/lAABAAAGt4AAA]
. process 1 scanning SYS.AQ$_SCHEDULER_FILEWATCHER_QT_L[AAAC/1AABAAAGvAAAA]
. process 1 scanning SYS.SYSNT5ieXbbpHRhqwvwGq6G4L4Q==[AAADGuAABAAAG/gAAA]
. process 1 scanning SYS.AQ$_KUPC$DATAPUMP_QUETAB_L[AAADHPAABAAAHDQAAA]
. process 1 scanning SYSTEM.SQLPLUS_PRODUCT_PROFILE[AAADSqAABAAAHnIAAA]
. process 1 scanning SYS.JAVA$JVM$STATUS[AAADSyAABAAAHnoAAA]
. process 1 scanning SYS.NET$_ACL[AAAN2MAABAAAOHwAAA]
. process 1 scanning SYS.TSM_DST$[AAAAEyAACAAAAHAAAA]
. process 1 scanning SYS.DIR$SERVICE_OPERATIONS[AAAAE/AACAAAAIAAAA]
. process 1 scanning SYS.RECO_SCRIPT_PARAMS$[AAAAM2AACAAAASYAAA]
. process 1 scanning SYS.RECO_SCRIPT_BLOCK$[AAAAM4AACAAAASoAAA]
. process 1 scanning SYS.COMPARISON_SCAN$[AAAANIAACAAAAUoAAA]
. process 1 scanning SYS.AW$[AAAANhAACAAAAWgAAA]
. process 1 scanning SYSTEM.LOGMNR_GLOBAL$[AAACRrAACAAAAfIAAA]
. process 1 scanning SYS.SCHEDULER$_JOB_RUN_DETAILS[AAABbyAACAAAAzoAAA]
. process 1 scanning SYS.WRH$_SEG_STAT_OBJ[AAABjhAACAAABSYAAA]
. process 1 scanning SYS.WRH$_DISPATCHER[AAABlEAACAAABdAAAA]
. process 1 scanning SYS.WRM$_DATABASE_INSTANCE[AAABltAACAAABeAAAA]
. process 1 scanning SYS.WRR$_CONNECTION_MAP[AAABptAACAAABhoAAA]
. process 1 scanning SYS.WRI$_ADV_SQLA_MAP[AAABqJAACAAABlAAAA]
. process 1 scanning SYSTEM.LOGMNR_LOG$[AAACR+AACAAABuoAAA]
. process 1 scanning SYS.SQL_TK_COLL_CHK$[AAAB+8AACAAAB0IAAA]
. process 1 scanning SYSTEM.LOGSTDBY$PLSQL[AAACl6AACAAAB2AAAA]
. process 1 scanning SYS.AQ$_SYS$SERVICE_METRICS_TAB_S[AAADJBAACAAACCYAAA]
. process 1 scanning WMSYS.WM$WORKSPACE_PRIV_TABLE[AAADL/AACAAACJ4AAA]
. process 1 scanning EXFSYS.EXF$ESETIDXPARAM[AAANfrAACAAACRwAAA]
. process 1 scanning XDB.xdb-log13_TAB[AAANvuAACAAADmgAAA]
. process 1 scanning XDB.XS$CACHE_DELETE[AAAN2KAACAAAEDgAAA]
. process 1 scanning ORDDATA.ORDDCM_DOCS[AAAOBJAACAAAEO4AAA]
. process 1 scanning ORDDATA.ORDDCM_CT_PRED_SET[AAAOCUAACAAAEp4AAA]
. process 1 scanning ORDDATA.ORDDCM_CT_ACTION[AAAOCeAACAAAErAAAA]
. process 1 scanning MDSYS.SDO_3DTXFMS_TABLE[AAAPPnAACAAAFc4AAA]
. process 1 scanning APEX_030200.WWV_FLOW_STANDARD_ICONS[AAAPtfAACAAAFmYAAA]
. process 1 scanning APEX_030200.WWV_FLOW_STANDARD_CSS[AAAPtiAACAAAFmwAAA]
. process 1 scanning APEX_030200.WWV_FLOW_FND_USER[AAAPpdAACAAAFpAAAA]
. process 1 scanning APEX_030200.WWV_FLOW_UPGRADE_PROGRESS[AAAPvOAACAAAFqwAAA]
. process 1 scanning APEX_030200.WWV_FLOW_TOPLEVEL_TABS[AAAPkUAACAAAF/QAAA]
. process 1 scanning APEX_030200.WWV_FLOW_COMPUTATIONS[AAAPkOAACAAAGOoAAA]
. process 1 scanning APEX_030200.WWV_FLOW_MENUS[AAAPp/AACAAAG7oAAA]
. process 1 scanning SYS.VIEWCON$[AAAABtAABAAAANwAAA]
. process 1 scanning SYS.SQL_VERSION$[AAAACUAABAAAASYAAA]
. process 1 scanning SYS.OBJECT_USAGE[AAAADaAABAAAAWwAAA]
. process 1 scanning SYS.PENDING_SESSIONS$[AAAAEJAABAAAAdgAAA]
. process 1 scanning SYS.RESOURCE_CONSUMER_GROUP$[AAAAEmAABAAAAgIAAA]
. process 1 scanning SYS.RESOURCE_PLAN_DIRECTIVE$[AAAAEoAABAAAAgYAAA]
. process 1 scanning SYS.TABLE_PRIVILEGE_MAP[AAAAFvAABAAAAiIAAA]
. process 1 scanning SYS.APPROLE$[AAAAGOAABAAAAlwAAA]
. process 1 scanning SYS.AUX_STATS$[AAAAGrAABAAAAtQAAA]
. process 1 scanning SYS.KOPM$[AAAAIoAABAAAA44AAA]
. process 1 scanning SYS.INDSUBPART$[AAAAJRAABAAAA+AAAA]
. process 1 scanning SYS.DEFSUBPART$[AAAAJnAABAAABAwAAA]
. process 1 scanning SYS.MLOG_REFCOL$[AAAAKJAABAAABEwAAA]
. process 1 scanning SYS.RGCHILD$[AAAAKYAABAAABGgAAA]
. process 1 scanning SYS.CDC_CHANGE_SETS$[AAAAKjAABAAABHoAAA]
. process 1 scanning SYS.APPLY$_CONSTRAINT_COLUMNS[AAAALlAABAAABPYAAA]
. process 1 scanning SYS.APPLY$_CHANGE_HANDLERS[AAAAL5AABAAABRoAAA]
. process 1 scanning SYS.LOG$[AAAAMwAABAAABXwAAA]
. process 1 scanning SYS.XSTREAM$_SERVER[AAAANZAABAAABX4AAA]
. process 1 scanning SYS.OLAP_MAPPINGS$[AAAAOAAABAAABZAAAA]
. process 1 scanning SYS.OLAP_DESCRIPTIONS$[AAAAOOAABAAABawAAA]
. process 1 scanning SYS.DIMLEVELKEY$[AAAAPbAABAAABkoAAA]
. process 1 scanning SYS.EXPACT$[AAAAPoAABAAABmQAAA]
. process 1 scanning SYS.LOGMNRG_SEED$[AAAARNAABAAABsoAAA]
. process 1 scanning SYS.LOGMNRG_DICTIONARY$[AAAAROAABAAABswAAA]
. process 1 scanning SYS.LOGMNRG_COL$[AAAARRAABAAABtIAAA]
. process 1 scanning SYS.REGISTRY$DEPENDENCIES[AAAATUAABAAAB3oAAA]
. process 1 scanning SYS.REGISTRY$DATABASE[AAAATWAABAAAB34AAA]
. process 1 scanning SYS.RULE_EC$[AAABP+AABAAACiwAAA]
. process 1 scanning SYS.CPOOL$[AAABW9AABAAACuQAAA]
. process 1 scanning SYS.REGZ$[AAABXNAABAAACvQAAA]
. process 1 scanning SYS.SCHEDULER$_CLASS[AAABbIAABAAAC2AAAA]
. process 1 scanning SYS.SCHEDULER$_JOB[AAABbKAABAAAC2QAAA]
. process 1 scanning SYS.SCHEDULER$_LIGHTWEIGHT_JOB[AAABbXAABAAAC3oAAA]
. process 1 scanning SYS.SCHEDULER$_STEP[AAABcBAABAAAC74AAA]
. process 1 scanning SYS.SCHEDULER$_GLOBAL_ATTRIBUTE[AAABcMAABAAAC8IAAA]
. process 1 scanning SYS.SCHEDULER$_REMOTE_DBS[AAABcTAABAAAC84AAA]
. process 1 scanning SYS.SCHEDULER$_DESTINATIONS[AAABcmAABAAAC+gAAA]
. process 1 scanning SYS.KU_NOEXP_TAB[AAABdjAABAAAC/QAAA]
. process 1 scanning SYS.WRI$_SQLSET_WORKSPACE[AAABgPAABAAADCgAAA]
. process 1 scanning SYS.WRR$_REPLAYS[AAABpfAABAAADJYAAA]
. process 1 scanning SYSTEM.DEF$_DESTINATION[AAABqcAABAAADKAAAA]
. process 1 scanning SYSTEM.REPCAT$_REPGROUP_PRIVS[AAABsFAABAAADSoAAA]
. process 1 scanning SYSTEM.REPCAT$_AUDIT_ATTRIBUTE[AAABu5AABAAADWwAAA]
. process 1 scanning SYSTEM.REPCAT$_TEMPLATE_OBJECTS[AAABwHAABAAADaQAAA]
. process 1 scanning SYSTEM.REPCAT$_EXCEPTIONS[AAABxIAABAAADegAAA]
. process 1 scanning SYSTEM.REPCAT$_SITES_NEW[AAABxXAABAAADfwAAA]
. process 1 scanning SYS.AQ$_SCHEDULER$_REMDB_JOBQTAB_S[AAAC/OAABAAAGsgAAA]
. process 1 scanning SYS.AQ$_SCHEDULER$_REMDB_JOBQTAB_L[AAAC/XAABAAAGtIAAA]
. process 1 scanning SYS.SCHEDULER$_FWQ_ANT[AAAC/mAABAAAGtoAAA]
. process 1 scanning SYS.HS$_INST_INIT[AAADCXAABAAAG3QAAA]
. process 1 scanning SYS.AQ$_AQ$_MEM_MC_S[AAADDvAABAAAG7YAAA]
. process 1 scanning SYS.AQ$_AQ$_MEM_MC_L[AAADD4AABAAAG74AAA]
. process 1 scanning SYS.SQLOBJ$AUXDATA[AAAADVAACAAAAE4AAA]
. process 1 scanning SYS.DIR$MIGRATE_OPERATIONS[AAAAE6AACAAAAHYAAA]
. process 1 scanning SYS.DIR$RESONATE_OPERATIONS[AAAAFSAACAAAAKYAAA]
. process 1 scanning SYS.DIR$VICTIM_POLICY[AAAAFgAACAAAAMIAAA]
. process 1 scanning SYS.DIR$NODE_ATTRIBUTES[AAAAFhAACAAAAMQAAA]
. process 1 scanning SYS.DIR$SERVICE_ATTRIBUTES[AAAAFjAACAAAAMgAAA]
. process 1 scanning SYS.XS$SESSION_ROLES[AAAAGcAACAAAANAAAA]
. process 1 scanning SYS.RECO_SCRIPT_ERROR$[AAAANCAACAAAAT4AAA]
. process 1 scanning SYS.WRI$_ADV_DEF_EXEC_TYPES[AAABZEAACAAAAogAAA]
. process 1 scanning SYS.WRI$_ADV_RECOMMENDATIONS[AAABZkAACAAAAsQAAA]
. process 1 scanning SYS.WRI$_ADV_SQLT_PLAN_STATS[AAABaMAACAAAAwwAAA]
. process 1 scanning SYS.SCHEDULER$_WINDOW_DETAILS[AAABb0AACAAAAz4AAA]
. process 1 scanning SYS.WRI$_DBU_HWM_METADATA[AAABeRAACAAAA2IAAA]
. process 1 scanning SYS.WRI$_DBU_USAGE_SAMPLE[AAABeVAACAAAA2oAAA]
. process 1 scanning SYS.WRI$_DBU_CPU_USAGE_SAMPLE[AAABeZAACAAAA3IAAA]
. process 1 scanning SYS.WRI$_TRACING_ENABLED[AAABe/AACAAAA5IAAA]
. process 1 scanning SYS.WRH$_RESOURCE_LIMIT[AAABidAACAAABLIAAA]
. process 1 scanning SYS.WRH$_INST_CACHE_TRANSFER_BL[AAABj9AACAAABVYAAA]
. process 1 scanning SYS.WRH$_SERVICE_NAME[AAABkQAACAAABXQAAA]
. process 1 scanning SYS.WRH$_STREAMS_CAPTURE[AAABkgAACAAABYwAAA]
. process 1 scanning SYS.WRH$_PERSISTENT_QUEUES[AAABkoAACAAABZwAAA]
. process 1 scanning SYS.WRH$_IC_CLIENT_STATS[AAABk6AACAAABcAAAA]
. process 1 scanning SYS.WRM$_WR_USAGE[AAABlrAACAAABdwAAA]
. process 1 scanning SYS.WRM$_BASELINE_TEMPLATE[AAABl5AACAAABfgAAA]
. process 1 scanning SYS.WRR$_REPLAY_COMMITS[AAABp6AACAAABjQAAA]
. process 1 scanning SYS.WRI$_ADV_SQLW_SUM[AAABp9AACAAABjgAAA]
. process 1 scanning SYS.WRI$_ADV_SQLA_TABLES[AAABqQAACAAABl4AAA]
. process 1 scanning SYS.SQL_TK_TAB_DESC$[AAAB+/AACAAAB0gAAA]
. process 1 scanning SYSTEM.LOGSTDBY$SKIP[AAACl+AACAAAB2gAAA]
. process 1 scanning WMSYS.WM$NEXTVER_TABLE[AAADLxAACAAACLIAAA]
. process 1 scanning WMSYS.WM$EVENT_QUEUE_TABLE[AAADQ+AACAAACMgAAA]
. process 1 scanning EXFSYS.EXF$DEFIDXPARAM[AAANfpAACAAACRgAAA]
. process 1 scanning EXFSYS.EXF$VALIDPRIVS[AAANf8AACAAACTYAAA]
. process 1 scanning XDB.XDB$GROUP_DEF[AAANqZAACAAADQwAAA]
. process 1 scanning XDB.SERVLET[AAANvcAACAAADk4AAA]
. process 1 scanning XDB.include47_TAB[AAANxYAACAAADvYAAA]
. process 1 scanning XDB.XDB$XIDX_IMP_T[AAANymAACAAAD2oAAA]
. process 1 scanning ORDSYS.SI_IMAGE_FORMATS_TAB[AAAOA6AACAAAEOIAAA]
. process 1 scanning ORDDATA.ORDDCM_DATA_MODEL[AAAOCKAACAAAEpYAAA]
. process 1 scanning MDSYS.SDO_COORD_AXES[AAAPKsAACAAAEyYAAA]
. process 1 scanning APEX_030200.WWV_FLOW_UPG_TAB_NAME_CHANGES[AAAPrNAACAAAFiYAAA]
. process 1 scanning APEX_030200.WWV_FLOW_COMPANY_SCHEMAS[AAAPinAACAAAFjAAAA]
. process 1 scanning APEX_030200.WWV_FLOW_DB_AUTH[AAAPpnAACAAAFjoAAA]
. process 1 scanning APEX_030200.WWV_FLOW_BUTTON_TEMPLATES[AAAPlSAACAAAFwIAAA]
. process 1 scanning APEX_030200.WWV_FLOW_POPUP_LOV_TEMPLATE[AAAPp7AACAAAF3IAAA]
. process 1 scanning APEX_030200.WWV_FLOW_THEMES[AAAPmZAACAAAF4IAAA]
. process 1 scanning APEX_030200.WWV_MIG_MENU_XMLTAGTABLEMAP[AAAQHDAACAAAGKwAAA]
. process 1 scanning APEX_030200.WWV_MIG_FRM_OLB_XMLTAGTABLEMAP[AAAQHIAACAAAGMYAAA]
. process 1 scanning APEX_030200.WWV_FLOW_SHORTCUTS[AAAPn9AACAAAG9YAAA]
. process 1 scanning APEX_030200.WWV_FLOW_QUERY_COLUMN[AAAPrnAACAAAHBAAAA]
. process 1 scanning SYS.MAP_FILE$[AAAAEQAABAAAAeAAAA]
. process 1 scanning SYS.MAP_COMPLIST$[AAAAEVAABAAAAeoAAA]
. process 1 scanning SYS.JOB$[AAAAEfAABAAAAfYAAA]
. process 1 scanning SYS.USER_ASTATUS_MAP[AAAAEkAABAAAAf4AAA]
. process 1 scanning SYS.RESOURCE_GROUP_MAPPING$[AAAAEpAABAAAAggAAA]
. process 1 scanning SYS.AUD$[AAAAF/AABAAAAj4AAA]
. process 1 scanning SYS.ENC$[AAAAGQAABAAAAmAAAA]
. process 1 scanning OUTLN.OL$[AAAAG/AABAAAAvIAAA]
. process 1 scanning SYS.OPARG$[AAAAIvAABAAAA5wAAA]
. process 1 scanning SYS.INDOP$[AAAAI0AABAAAA6YAAA]
. process 1 scanning SYS.INDPART_PARAM$[AAAAJtAABAAABBgAAA]
. process 1 scanning SYS.SNAP_OBJCOL$[AAAAKPAABAAABFgAAA]
. process 1 scanning SYS.RGROUP$[AAAAKYAABAAABGgAAA]
. process 1 scanning SYS.STREAMS$_RULES[AAAALaAABAAABOIAAA]
. process 1 scanning SYS.APPLY$_VIRTUAL_OBJ_CONS[AAAALjAABAAABPIAAA]
. process 1 scanning SYS.OLAP_MODEL_ASSIGNMENTS$[AAAAOGAABAAABZwAAA]
. process 1 scanning SYS.OLAP_AW_DEPLOYMENT_CONTROLS$[AAAAOaAABAAABcQAAA]
. process 1 scanning SYS.OLAP_TAB_COL$[AAAAOzAABAAABfYAAA]
. process 1 scanning SYS.DIMLEVEL$[AAAAPZAABAAABkYAAA]
. process 1 scanning SYS.INCFIL[AAAAPnAABAAABmIAAA]
. process 1 scanning SYS.EXPDEPACT$[AAAAPxAABAAABnYAAA]
. process 1 scanning SYSTEM.MVIEW$_ADV_PRETTY[AAABAHAABAAACJYAAA]
. process 1 scanning SYSTEM.MVIEW$_ADV_TEMP[AAABAJAABAAACJoAAA]
. process 1 scanning SYS.UTL_RECOMP_COMPILED[AAAQNwAABAAACdYAAA]
. process 1 scanning SYSTEM.AQ$_QUEUES[AAABXeAABAAACv4AAA]
. process 1 scanning SYSTEM.AQ$_INTERNET_AGENT_PRIVS[AAABYZAABAAACzgAAA]
. process 1 scanning SYS.SCHEDULER$_CREDENTIAL[AAABcOAABAAAC8YAAA]
. process 1 scanning SYSTEM.DEF$_DEFAULTDEST[AAABqhAABAAADKoAAA]
. process 1 scanning SYSTEM.DEF$_LOB[AAABqjAABAAADK4AAA]
. process 1 scanning SYSTEM.REPCAT$_PRIORITY_GROUP[AAABteAABAAADTQAAA]
. process 1 scanning SYSTEM.REPCAT$_PARAMETER_COLUMN[AAABuuAABAAADWQAAA]
. process 1 scanning SYSTEM.REPCAT$_FLAVOR_OBJECTS[AAABvRAABAAADXgAAA]
. process 1 scanning SYS.PROPERTIES_TAB[AAAB3tAABAAADi4AAA]
. process 1 scanning SYS.HS$_BASE_CAPS[AAADBvAABAAAG0wAAA]
. process 1 scanning SYS.HS$_BASE_DD[AAADB/AABAAAG1wAAA]
. process 1 scanning SYS.HS$_INST_DD[AAADCLAABAAAG2gAAA]
. process 1 scanning SYS.HS_PARTITION_COL_TYPE[AAADDPAABAAAG4gAAA]
. process 1 scanning SYS.HS$_PARALLEL_HISTOGRAM_DATA[AAADDdAABAAAG6YAAA]
. process 1 scanning SYS.KUPC$DATAPUMP_QUETAB[AAADGpAABAAAG/wAAA]
. process 1 scanning SYSTEM.HELP[AAADSvAABAAAHnQAAA]
. process 1 scanning SYS.JAVAJAROBJECTS$[AAADTAAABAAAH5IAAA]
. process 1 scanning SYS.JAVA$JVM$RJBC[AAADTDAABAAAH5gAAA]
. process 1 scanning SYS.JAVA$COMPILER$OPTIONS[AAADTNAABAAAH6wAAA]
. process 1 scanning SYS.JAVANEGDEPS$[AAADTPAABAAAH7AAAA]
. process 1 scanning SYS.COMPARISON_ROW_DIF$[AAAANMAACAAAAVIAAA]
. process 1 scanning SYS.AW_OBJ$[AAAANqAACAAAAXQAAA]
. process 1 scanning SYS.WRI$_ADV_ADDM_FDG[AAABafAACAAAAy4AAA]
. process 1 scanning SYS.SCHEDULER$_EVENT_LOG[AAABbuAACAAAAzIAAA]
. process 1 scanning SYS.SCHEDULER$_STEP_STATE[AAABcDAACAAAA0IAAA]
. process 1 scanning SYS.CRC$_RESULT_CACHE_STATS[AAABdpAACAAAA0YAAA]
. process 1 scanning SYS.WRI$_DBU_HIGH_WATER_MARK[AAABePAACAAAA14AAA]
. process 1 scanning SYS.WRI$_ALERT_OUTSTANDING[AAABehAACAAAA3YAAA]
. process 1 scanning SYS.KET$_AUTOTASK_STATUS[AAABe1AACAAAA4IAAA]
. process 1 scanning SYS.KET$_CLIENT_TASKS[AAABe5AACAAAA4oAAA]
. process 1 scanning SYS.WRH$_IOSTAT_FILETYPE_NAME[AAABgyAACAAABAoAAA]
. process 1 scanning SYS.WRH$_DB_CACHE_ADVICE_BL[AAABiHAACAAABI4AAA]
. process 1 scanning SYS.WRH$_SGASTAT_BL[AAABiXAACAAABKYAAA]
. process 1 scanning SYS.WRH$_PGA_TARGET_ADVICE[AAABilAACAAABMIAAA]
. process 1 scanning SYS.WRH$_MTTR_TARGET_ADVICE[AAABkNAACAAABW4AAA]
. process 1 scanning SYS.WRH$_SESS_TIME_STATS[AAABkeAACAAABYgAAA]
. process 1 scanning SYS.WRH$_BUFFERED_QUEUES[AAABkkAACAAABZQAAA]
. process 1 scanning SYS.WRM$_BASELINE[AAABlzAACAAABewAAA]
. process 1 scanning SYS.WRR$_FILTERS[AAABpXAACAAABgAAAA]
. process 1 scanning SYSTEM.LOGSTDBY$EVENTS[AAACluAACAAABrgAAA]
. process 1 scanning SYSTEM.LOGMNR_ERROR$[AAACRpAACAAABuIAAA]
. process 1 scanning SYS.DBFS_HS$_CONTENTFNMAPTBL[AAAB4VAACAAABzQAAA]
. process 1 scanning SYS.DBFS_HS$_STOREIDTABLE[AAAB4eAACAAABz4AAA]
. process 1 scanning SYS.SQL_TK_REF_CHK$[AAAB++AACAAAB0YAAA]
. process 1 scanning SYSTEM.LOGSTDBY$SKIP_TRANSACTION[AAACl9AACAAAB2YAAA]
. process 1 scanning SYS.AQ$_ALERT_QT_S[AAADAkAACAAAB5AAAA]
. process 1 scanning WMSYS.WM$VERSIONED_TABLES[AAADL3AACAAACJgAAA]
. process 1 scanning XDB.XDB$GROUP_REF[AAANqnAACAAADSgAAA]
. process 1 scanning XDB.XDB$PATH_INDEX_PARAMS[AAANtNAACAAADhAAAA]
. process 1 scanning XDB.SYS_NTjUMha8LMSjOZsALhwWsM6g==[AAANwCAACAAADnoAAA]
. process 1 scanning XDB.SYS_NTNrdpaC2OS3m0fQ4t1IbFEA==[AAANxlAACAAADwwAAA]
. process 1 scanning XDB.XDB$XTABCOLS[AAANzIAACAAAD4wAAA]
. process 1 scanning ORDDATA.ORDDCM_UID_DEFS[AAAOCCAACAAAEpAAAA]
. process 1 scanning ORDDATA.ORDDCM_CT_PRED_PAR[AAAOCcAACAAAEqwAAA]
. process 1 scanning MDSYS.SDO_ELLIPSOIDS[AAAPKkAACAAAEwwAAA]
. process 1 scanning MDSYS.SDO_COORD_AXIS_NAMES[AAAPKqAACAAAEyAAAA]
. process 1 scanning APEX_030200.WWV_FLOW_SW_SQLPLUS_CMD[AAAPorAACAAAFkwAAA]
. process 1 scanning APEX_030200.WWV_FLOW_MENU_TEMPLATES[AAAPqGAACAAAF2oAAA]
. process 1 scanning APEX_030200.WWV_FLOW_INSTALL[AAAPtDAACAAAF9YAAA]
. process 1 scanning APEX_030200.WWV_FLOW_ICON_BAR[AAAPkCAACAAAGNoAAA]
. process 1 scanning APEX_030200.WWV_FLOW_FLASH_CHARTS[AAAPtqAACAAAG+IAAA]
. process 1 scanning SYS.UGROUP$[AAAABAAABAAAAJQAAA]
. process 1 scanning SYS.SEQ$[AAAABKAABAAAAKYAAA]
. process 1 scanning SYS.EDITION$[AAAABjAABAAAAMoAAA]
. process 1 scanning SYS.EVCOL$[AAAACCAABAAAAQIAAA]
. process 1 scanning SYS.TRUSTED_LIST$[AAAACHAABAAAAQwAAA]
. process 1 scanning SYS.MAP_ELEMENT$[AAAAETAABAAAAeYAAA]
. process 1 scanning SYS._default_auditing_options_[AAAAFoAABAAAAhgAAA]
. process 1 scanning OUTLN.OL$HINTS[AAAAHCAABAAAAvgAAA]
. process 1 scanning SYS.SLOG$[AAAAJ5AABAAABDAAAA]
. process 1 scanning SYS.SNAP_REFOP$[AAAAKLAABAAABFAAAA]
. process 1 scanning SYS.CDC_SUBSCRIBED_TABLES$[AAAAKpAABAAABIoAAA]
. process 1 scanning SYS.STREAMS$_CAPTURE_SERVER[AAAAK4AABAAABKIAAA]
. process 1 scanning SYS.STREAMS$_KEY_COLUMNS[AAAALRAABAAABNAAAA]
. process 1 scanning SYS.STREAMS$_DEF_PROC[AAAALTAABAAABNQAAA]
. process 1 scanning SYS.FGR$_FILE_GROUP_VERSIONS[AAAAMVAABAAABUQAAA]
. process 1 scanning SYS.FGR$_TABLESPACE_INFO[AAAAMeAABAAABVYAAA]
. process 1 scanning SYS.OLAP_DIM_LEVELS$[AAAAOhAABAAABdIAAA]
. process 1 scanning SYS.OLAP_HIERARCHIES$[AAAAOnAABAAABd4AAA]
. process 1 scanning SYS.SUMPRED$[AAAAPNAABAAABi4AAA]
. process 1 scanning SYS.LOGMNRG_OBJ$[AAAARPAABAAABs4AAA]
. process 1 scanning SYS.LOGMNRG_USER$[AAAARVAABAAABtoAAA]
. process 1 scanning SYS.LOGMNRG_ATTRIBUTE$[AAAARbAABAAABugAAA]
. process 1 scanning SYSTEM.MVIEW$_ADV_WORKLOAD[AAABAAAABAAACIYAAA]
. process 1 scanning SYSTEM.MVIEW$_ADV_LOG[AAABANAABAAACKIAAA]
. process 1 scanning SYSTEM.MVIEW$_ADV_OUTPUT[AAABAeAABAAACMQAAA]
. process 1 scanning SYS.TRANSFORMATIONS$[AAABPdAABAAACeQAAA]
. process 1 scanning SYS.RULE_MAP$[AAABP7AABAAACiYAAA]
. process 1 scanning SYS.RULE_SET_NL$[AAABQSAABAAAClQAAA]
. process 1 scanning SYS.DAM_CLEANUP_JOBS$[AAABTsAABAAACo4AAA]
. process 1 scanning SYS.LOC$[AAABXMAABAAACvIAAA]
. process 1 scanning SYS.AQ$_SCHEDULES[AAABXvAABAAACx4AAA]
. process 1 scanning SYS.SCHEDULER$_RJOB_SRC_DB_INFO[AAABcQAABAAAC8oAAA]
. process 1 scanning SYS.SCHEDULER$_FILEWATCHER_RESEND[AAABcaAABAAAC9wAAA]
. process 1 scanning SYS.WRR$_CAPTURES[AAABpZAABAAADJIAAA]
. process 1 scanning SYSTEM.REPCAT$_REPCOLUMN[AAABrqAABAAADP4AAA]
. process 1 scanning SYSTEM.REPCAT$_GROUPED_COLUMN[AAABt4AABAAADUQAAA]
. process 1 scanning SYSTEM.REPCAT$_TEMPLATE_STATUS[AAABvlAABAAADYIAAA]
. process 1 scanning SYS.DBFS$_STORES[AAAB3iAABAAADh4AAA]
. process 1 scanning SYS.DBFS_SFS$_TAB[AAAB3sAABAAADjIAAA]
. process 1 scanning SYSTEM.LOGSTDBY$PARAMETERS[AAACltAABAAAFMQAAA]
. process 1 scanning SYS.HS$_FDS_CLASS[AAADBjAABAAAG0AAAA]
. process 1 scanning SYS.HS$_INST_CAPS[AAADB5AABAAAG1YAAA]
. process 1 scanning SYS.SQL$TEXT[AAAADDAACAAAAC4AAA]
. process 1 scanning SYS.DIR$ALERT_HISTORY[AAAAFXAACAAAALAAAA]
. process 1 scanning SYS.XS$SESSIONS[AAAAGZAACAAAAM4AAA]
. process 1 scanning SYS.STREAMS$_COMPONENT_PROP[AAAANVAACAAAAWAAAA]
. process 1 scanning SYS.WRI$_ADV_EXECUTIONS[AAABZPAACAAAApwAAA]
. process 1 scanning SYS.WRI$_ADV_SQLT_PLAN_HASH[AAABaJAACAAAAwYAAA]
. process 1 scanning SYS.WRI$_ALERT_HISTORY[AAABejAACAAAA3oAAA]
. process 1 scanning SYS.WRI$_AGGREGATION_ENABLED[AAABfBAACAAAA5YAAA]
. process 1 scanning SYS.WRI$_SQLSET_REFERENCES[AAABf2AACAAAA7AAAA]
. process 1 scanning SYS.WRH$_SQLSTAT_BL[AAABg8AACAAABBgAAA]
. process 1 scanning SYS.WRH$_SGA[AAABiRAACAAABJ4AAA]
. process 1 scanning SYS.WRH$_PROCESS_MEMORY_SUMMARY[AAABibAACAAABK4AAA]
. process 1 scanning SYS.WRH$_PLAN_OPERATION_NAME[AAABjRAACAAABQoAAA]
. process 1 scanning SYS.WRH$_METRIC_NAME[AAABjjAACAAABSoAAA]
. process 1 scanning SYS.WRH$_DLM_MISC_BL[AAABjzAACAAABUYAAA]
. process 1 scanning SYS.WRH$_TABLESPACE_STAT_BL[AAABkJAACAAABWYAAA]
. process 1 scanning SYS.WRH$_TABLESPACE_SPACE_USAGE[AAABkOAACAAABXAAAA]
. process 1 scanning SYS.WRH$_STREAMS_APPLY_SUM[AAABkiAACAAABZAAAA]
. process 1 scanning SYS.WRH$_RULE_SET[AAABksAACAAABaQAAA]
. process 1 scanning SYS.WRI$_ADV_SQLA_TABVOL[AAABqSAACAAABmIAAA]
. process 1 scanning SYS.WRI$_ADV_SQLA_FAKE_REG[AAABqYAACAAABm4AAA]
. process 1 scanning SYSTEM.LOGMNR_PROCESSED_LOG$[AAACSPAACAAABxYAAA]
. process 1 scanning SYSTEM.LOGSTDBY$SCN[AAACl3AACAAAB1oAAA]
. process 1 scanning SYS.STREAMS$_APPLY_SPILL_MESSAGES[AAACq1AACAAAB3gAAA]
. process 1 scanning WMSYS.WM$ENV_VARS[AAADMSAACAAACKAAAA]
. process 1 scanning WMSYS.WM$HINT_TABLE[AAADR+AACAAACOYAAA]
. process 1 scanning EXFSYS.EXF$PREDATTRMAP[AAANf3AACAAACS4AAA]
. process 1 scanning XDB.XDB$ANYATTR[AAANp9AACAAADNQAAA]
. process 1 scanning XDB.XDB$NLOCKS[AAANsjAACAAADgQAAA]
. process 1 scanning XDB.X$NM7WPV3MRATK9N1P340NGDFTF526[AAANuIAACAAADhYAAA]
. process 1 scanning XDB.SYS_NTySr51p5oQla3w3kRrb2SmQ==[AAANvvAACAAADmAAAA]
. process 1 scanning XDB.ftp-log21_TAB[AAANwBAACAAADoYAAA]
. process 1 scanning XDB.SYS_NTk+sI9MGAS/2ozSGJyCMv0A==[AAANwvAACAAADsAAAA]
. process 1 scanning XDB.fallback42_TAB[AAANx1AACAAADzYAAA]
. process 1 scanning EXFSYS.RLM$SCHACTLIST[AAAN4ZAACAAAEIAAAA]
. process 1 scanning ORDDATA.ORDDCM_PREFS_VALID_VALUES_TAB[AAAOB5AACAAAEQQAAA]
. process 1 scanning ORDDATA.ORDDCM_INSTALL_DOCS[AAAOBHAACAAAER4AAA]
. process 1 scanning ORDDATA.ORDDCM_UID_DEFS_WRK[AAAOD/AACAAAEaoAAA]
. process 1 scanning ORDDATA.ORDDCM_DOC_REFS[AAAOBPAACAAAEi4AAA]
. process 1 scanning ORDDATA.ORDDCM_PRV_ATTRS[AAAOBYAACAAAEmgAAA]
. process 1 scanning ORDDATA.ORDDCM_ANON_RULES[AAAOBwAACAAAEoAAAA]
. process 1 scanning MDSYS.SDO_PROJECTIONS_OLD_SNAPSHOT[AAAPMOAACAAAFPQAAA]
. process 1 scanning MDSYS.SDO_DATUMS_OLD_SNAPSHOT[AAAPORAACAAAFPYAAA]
. process 1 scanning MDSYS.SDO_XML_SCHEMAS[AAAPSzAACAAAFdoAAA]
. process 1 scanning APEX_030200.WWV_FLOW_COMPANIES[AAAPiiAACAAAFewAAA]
. process 1 scanning APEX_030200.WWV_FLOW_TRANSLATABLE_COLS$[AAAPjYAACAAAFkQAAA]
. process 1 scanning APEX_030200.WWV_FLOW_CHARSETS[AAAPr9AACAAAFmIAAA]
. process 1 scanning APEX_030200.WWV_FLOW_CAL_TEMPLATES[AAAPmVAACAAAF3oAAA]
. process 1 scanning APEX_030200.WWV_MIG_FRM_XMLTAGTABLEMAP[AAAP/3AACAAAGJwAAA]
. process 1 scanning APEX_030200.WWV_FLOW_TREES[AAAPkYAACAAAGRgAAA]
. process 1 scanning SYS.TS$[AAAAAGAABAAAACwAAA]
. process 1 scanning SYS.FIXED_OBJ$[AAAABlAABAAAAMwAAA]
. process 1 scanning SYS.EV$[AAAAB/AABAAAAPwAAA]
. process 1 scanning SYS.TRIGGERJAVAM$[AAAACoAABAAAAU4AAA]
. process 1 scanning SYS.RLS$[AAAAF2AABAAAAiwAAA]
. process 1 scanning SYS.FGA$[AAAAGEAABAAAAkgAAA]
. process 1 scanning OUTLN.OL$NODES[AAAAHGAABAAAAwAAAA]
. process 1 scanning SYS.DEFSUBPARTLOB$[AAAAJrAABAAABBQAAA]
. process 1 scanning SYS.CDC_CHANGE_TABLES$[AAAAKlAABAAABIIAAA]
. process 1 scanning SYS.CDC_PROPAGATIONS$[AAAAKxAABAAABJYAAA]
. process 1 scanning SYS.APPLY$_SOURCE_OBJ[AAAALdAABAAABOgAAA]
. process 1 scanning SYS.STREAMS$_STMT_HANDLERS[AAAALyAABAAABQwAAA]
. process 1 scanning SYS.STREAMS$_DEST_OBJS[AAAAMFAABAAABSoAAA]
. process 1 scanning SYS.FGR$_FILE_GROUP_EXPORT_INFO[AAAAMZAABAAABUwAAA]
. process 1 scanning SYS.OLAP_AW_VIEWS$[AAAAOSAABAAABbQAAA]
. process 1 scanning SYS.OLAP_MEASURE_FOLDERS$[AAAAOWAABAAABbwAAA]
. process 1 scanning SYS.SUMQB$[AAAAPPAABAAABjIAAA]
. process 1 scanning SYS.HIER$[AAAAPTAABAAABjoAAA]
. process 1 scanning SYS.NOEXP$[AAAAPpAABAAABmYAAA]
. process 1 scanning SYS.LOGMNR_BUILDLOG[AAAAQnAABAAABrwAAA]
. process 1 scanning SYSTEM.LOGMNR_SESSION$[AAAARKAABAAABsQAAA]
. process 1 scanning SYS.LOGMNRG_ENC$[AAAARqAABAAABwgAAA]
. process 1 scanning SYS.DST$TRIGGER_TABLE[AAAARxAABAAABxIAAA]
. process 1 scanning SYS.REGISTRY$HISTORY[AAAATRAABAAAB3QAAA]
. process 1 scanning SYS.SCHEDULER$_WINDOW[AAABbeAABAAAC4gAAA]
. process 1 scanning SYS.SCHEDULER$_SRCQ_MAP[AAABbpAABAAAC54AAA]
. process 1 scanning SYSTEM.DEF$_PROPAGATOR[AAABqsAABAAADMAAAA]
. process 1 scanning SYSTEM.REPCAT$_REPOBJECT[AAABrlAABAAADPYAAA]
. process 1 scanning SYSTEM.REPCAT$_COLUMN_GROUP[AAABtwAABAAADUAAAA]
. process 1 scanning SYSTEM.REPCAT$_RESOLUTION_METHOD[AAABuLAABAAADU4AAA]
. process 1 scanning SYSTEM.REPCAT$_RESOLUTION_STATISTICS[AAABueAABAAADVoAAA]
. process 1 scanning SYSTEM.REPCAT$_EXTENSION[AAABxVAABAAADfgAAA]
. process 1 scanning SYS.DBMS_PARALLEL_EXECUTE_TASK$[AAAB3bAABAAADhIAAA]
. process 1 scanning SYS.STREAMS$_INTERNAL_TRANSFORM[AAACu7AABAAAFUQAAA]
. process 1 scanning SYS.HS_BULKLOAD_VIEW_OBJ[AAADDGAABAAAG4IAAA]
. process 1 scanning SYS.AQ$_MEM_MC[AAADDpAABAAAG6oAAA]
. process 1 scanning SYS.AQ_EVENT_TABLE[AAADEDAABAAAG8YAAA]
. process 1 scanning SYS.AQ$_KUPC$DATAPUMP_QUETAB_S[AAADHGAABAAAHCwAAA]
. process 1 scanning SYS.JAVA$PREFS$[AAAMxwAABAAANGAAAA]
. process 1 scanning SYS.WALLET$_ACL[AAAN2NAABAAAOMAAAA]
. process 1 scanning SYS.DIR$REASON_STRINGS[AAAAFcAACAAAALoAAA]
. process 1 scanning SYS.RECO_SCRIPT$[AAAAMyAACAAAAR4AAA]
. process 1 scanning SYS.STREAMS$_COMPONENT_LINK[AAAANTAACAAAAVwAAA]
. process 1 scanning SYS.MODELATT$[AAAAQXAACAAAAagAAA]
. process 1 scanning SYS.WRI$_ADV_TASKS[AAABZGAACAAAAowAAA]
. process 1 scanning SYS.WRI$_ADV_DIRECTIVE_INSTANCES[AAABZ9AACAAAAvIAAA]
. process 1 scanning SYS.WRI$_ADV_ADDM_TASKS[AAABaaAACAAAAyQAAA]
. process 1 scanning SYS.WRI$_DBU_CPU_USAGE[AAABeXAACAAAA24AAA]
. process 1 scanning SYS.WRI$_ADV_SQLT_STATISTICS[AAABflAACAAAA6IAAA]
. process 1 scanning SYS.WRH$_LATCH_MISSES_SUMMARY_BL[AAABh3AACAAABHYAAA]
. process 1 scanning SYS.WRH$_OSSTAT_NAME[AAABjNAACAAABQIAAA]
. process 1 scanning SYS.WRH$_PLAN_OPTION_NAME[AAABjTAACAAABQ4AAA]
. process 1 scanning SYS.WRH$_RSRC_PLAN[AAABk0AACAAABbQAAA]
. process 1 scanning SYS.WRR$_REPLAY_SQL_TEXT[AAABpvAACAAABh4AAA]
. process 1 scanning SYS.WRI$_ADV_SQLA_STMTS[AAABqNAACAAABlgAAA]
. process 1 scanning SYSTEM.LOGSTDBY$EDS_TABLES[AAACmEAACAAAB3QAAA]
. process 1 scanning DBSNMP.BSLN_METRIC_DEFAULTS[AAADJyAACAAACDgAAA]
. process 1 scanning EXFSYS.EXF$VALIDIOPER[AAANf7AACAAACTQAAA]
. process 1 scanning XDB.XDB$TTSET[AAANuGAACAAADhIAAA]
. process 1 scanning XDB.APP_USERS_AND_ROLES[AAANuTAACAAADiwAAA]
. process 1 scanning XDB.http-log30_TAB[AAANwXAACAAADqoAAA]
. process 1 scanning XDB.XDB$XIDX_PARAM_T[AAANypAACAAAD3AAAA]
. process 1 scanning XDB.XDB$STATS[AAANzOAACAAAD5IAAA]
. process 1 scanning XDB.XDB$NONCEKEY[AAANzgAACAAAD7AAAA]
. process 1 scanning ORDSYS.SI_VALUES_TAB[AAAOA+AACAAAEOoAAA]
. process 1 scanning ORDDATA.ORDDCM_MAPPING_DOCS[AAAOBkAACAAAEPgAAA]
. process 1 scanning ORDDATA.ORDDCM_VR_DT_MAP[AAAOBSAACAAAES4AAA]
. process 1 scanning ORDSYS.ORD_USAGE_RECS[AAAOA5AACAAAEU4AAA]
. process 1 scanning ORDDATA.ORDDCM_ANON_ATTRS_WRK[AAAOD5AACAAAEZAAAA]
. process 1 scanning ORDDATA.ORDDCM_CT_PRED_PAR_WRK[AAAOEhAACAAAEdgAAA]
. process 1 scanning ORDDATA.ORDDCM_RT_PREF_PARAMS[AAAOB+AACAAAEooAAA]
. process 1 scanning ORDDATA.ORDDCM_CT_LOCATORPATHS[AAAOCgAACAAAErQAAA]
. process 1 scanning MDSYS.MD$RELATE[AAAPIZAACAAAEtIAAA]
. process 1 scanning APEX_030200.WWV_FLOW_DEVELOPER_ROLES[AAAPm+AACAAAFkgAAA]
. process 1 scanning APEX_030200.WWV_FLOW_SW_MAIN_KEYWORDS[AAAPo4AACAAAFlAAAA]
. process 1 scanning APEX_030200.WWV_FLOW_STANDARD_JS[AAAPtkAACAAAFnAAAA]
. process 1 scanning APEX_030200.WWV_FLOW_WORKSPACE_REQ_SIZE[AAAPzQAACAAAFoQAAA]
. process 1 scanning APEX_030200.WWV_FLOW_FIELD_TEMPLATES[AAAPj7AACAAAF2IAAA]
. process 1 scanning APEX_030200.WWV_FLOW_CUSTOM_AUTH_SETUPS[AAAPqOAACAAAF7wAAA]
. process 1 scanning APEX_030200.WWV_FLOW_ITEMS[AAAPkJAACAAAF+IAAA]
. process 1 scanning APEX_030200.WWV_MIG_RPTS[AAAQEtAACAAAGHgAAA]
. process 1 scanning APEX_030200.WWV_MIG_FRM_MENUS[AAAQGIAACAAAGIoAAA]
. process 1 scanning APEX_030200.WWV_MIG_OLB[AAAQHNAACAAAGLQAAA]
. process 1 scanning APEX_030200.WWV_FLOW_QUERY_DEFINITION[AAAPrgAACAAAHAIAAA]
. process 1 scanning LEG.Z_TEST[AAAQRoAAEAAAACAAAA]
. process 1 scanning SYS.WRH$_SQLSTAT[AAADEyAACAAAA+gAAA]
. process 1 scanning SYS.WRH$_DLM_MISC[AAADFoAACAAABSAAAA]
. process 1 scanning SYS.WRH$_INST_CACHE_TRANSFER[AAADGEAACAAABYIAAA]
. process 1 scanning SYS.WRH$_SERVICE_WAIT_CLASS[AAAQPdAACAAALMIAAA]
. process 1 scanning SYSTEM.LOGMNR_OPQTYPE$[AAACSLAACAAABpgAAA]
. process 1 scanning SYSTEM.LOGMNR_DICTIONARY$[AAACRkAACAAABtIAAA]
. process 1 scanning SYSTEM.LOGMNR_NTAB$[AAACSFAACAAABvwAAA]
. process 1 scanning SYS.STREAMS$_APPLY_SPILL_MSGS_PART[AAACq6AACAAAB4AAAA]
. process 1 scanning SYS.WRH$_DB_CACHE_ADVICE[AAAQOxAACAAALHQAAA]
. process 1 scanning SYS.WRH$_WAITSTAT[AAAQP2AACAAAKoQAAA]
. process 1 scanning SYSTEM.LOGMNR_ATTRCOL$[AAACRWAACAAAAdYAAA]
. process 1 scanning SYSTEM.LOGMNR_TS$[AAACS4AACAAABsQAAA]
. process 1 scanning SYS.WRH$_SGASTAT[AAAQO5AACAAALHwAAA]
. process 1 scanning SYS.WRH$_SGASTAT[AAAQQKAACAAAKqwAAA]
. process 1 scanning SYSTEM.LOGMNR_ATTRIBUTE$[AAACRYAACAAAAdoAAA]
. process 1 scanning SYSTEM.LOGMNRC_GSBA[AAACREAACAAAAbwAAA]
. process 1 scanning SYS.WRH$_LATCH_MISSES_SUMMARY[AAADFMAACAAABGwAAA]
. process 1 scanning SYS.WRH$_PARAMETER[AAADFgAACAAABOAAAA]
. process 1 scanning SYS.WRH$_SERVICE_WAIT_CLASS[AAADGAAACAAABOgAAA]
. process 1 scanning SYS.WRH$_SERVICE_WAIT_CLASS[AAAQQuAACAAAKvQAAA]
. process 1 scanning SYSTEM.LOGMNR_LOGMNR_BUILDLOG[AAACSDAACAAAAcYAAA]
. process 1 scanning SYS.WRH$_WAITSTAT[AAADE8AACAAABDwAAA]
. process 1 scanning SYSTEM.LOGMNRC_GTLO[AAACRLAACAAABn4AAA]
. process 1 scanning SYSTEM.LOGMNR_OBJ$[AAACSIAACAAABwIAAA]
. process 1 scanning SYS.WRH$_LATCH_MISSES_SUMMARY[AAAQOtAACAAALHAAAA]
. process 1 scanning SYSTEM.LOGMNR_SEED$[AAACSfAACAAAAd4AAA]
. process 1 scanning SYS.WRH$_DLM_MISC[AAADFnAACAAABR4AAA]
. process 1 scanning SYS.WRH$_TABLESPACE_STAT[AAADF0AACAAABVwAAA]
. process 1 scanning SYS.WRH$_ACTIVE_SESSION_HISTORY[AAADFwAACAAABXoAAA]
. process 1 scanning SYSTEM.LOGMNR_ENC$[AAACRnAACAAABnIAAA]
. process 1 scanning SYSTEM.LOGMNR_COL$[AAACReAACAAABt4AAA]
. process 1 scanning SYS.WRH$_LATCH_MISSES_SUMMARY[AAAQP+AACAAAKowAAA]
. process 1 scanning SYS.WRH$_SGASTAT[AAADFYAACAAABJgAAA]
. process 1 scanning SYSTEM.LOGMNR_USER$[AAACS+AACAAAAbgAAA]
. process 1 scanning SYS.WRH$_INST_CACHE_TRANSFER[AAADGDAACAAABYAAAA]
. process 1 scanning SYSTEM.LOGMNRP_CTAS_PART_MAP[AAACRPAACAAABnoAAA]
. process 1 scanning SYS.WRH$_TABLESPACE_STAT[AAAQPRAACAAALJYAAA]
. process 1 scanning SYS.TRIGGERJAVAC$[AAAACnAABAAAAUwAAA]
. process 1 scanning SYS.IND_STATS$[AAAAGvAABAAAAtwAAA]
. process 1 scanning SYS.TABCOMPART$[AAAAJWAABAAAA+oAAA]
. process 1 scanning SYS.FGR$_TABLE_INFO[AAAAMhAABAAABVwAAA]
. process 1 scanning SYS.OLAP_CUBE_DIMENSIONS$[AAAAOfAABAAABc4AAA]
. process 1 scanning SYS.METAVIEW$[AAAAP2AABAAABoAAAA]
. process 1 scanning SYS.LOGMNRG_OPQTYPE$[AAAARmAABAAABv4AAA]
. process 1 scanning SYS.REGISTRY$PROGRESS[AAAATSAABAAAB3YAAA]
. process 1 scanning SYS.UTL_RECOMP_ERRORS[AAABO6AABAAACdgAAA]
. process 1 scanning SYS.SCHEDULER$_PROGRAM[AAABbGAABAAAC1wAAA]
. process 1 scanning SYS.SCHEDULER$_REMOTE_JOB_STATE[AAABcVAABAAAC9IAAA]
. process 1 scanning SYSTEM.REPCAT$_REPPROP[AAABr2AABAAADRIAAA]
. process 1 scanning SYS.USR_PROPERTIES_TAB[AAAB4DAABAAADloAAA]
. process 1 scanning SYS.HS$_CLASS_CAPS[AAADBzAABAAAG1AAAA]
. process 1 scanning SYS.SYSNTUk3fYTPtRVCn025YgqGzXw==[AAADGsAABAAAG/QAAA]
. process 1 scanning SYS.TSM_SRC$[AAAAEvAACAAAAGoAAA]
. process 1 scanning SYS.STREAMS$_APPLY_SPILL_TXN_LIST[AAAAMRAACAAAARwAAA]
. process 1 scanning SYS.MODELSET$[AAAAQZAACAAAAawAAA]
. process 1 scanning SYS.WRI$_REPT_COMPONENTS[AAABNqAACAAAAiwAAA]
. process 1 scanning SYS.WRI$_ADV_FINDINGS[AAABZeAACAAAArgAAA]
. process 1 scanning SYS.WRI$_ADV_MESSAGE_GROUPS[AAABaFAACAAAAwAAAA]
. process 1 scanning SYS.WRI$_ADV_SQLT_RTN_PLAN[AAABfnAACAAAA6YAAA]
. process 1 scanning SYS.WRH$_LATCH_NAME[AAABhVAACAAABEYAAA]
. process 1 scanning SYS.WRH$_MUTEX_SLEEP[AAABh/AACAAABIIAAA]
. process 1 scanning SYS.WRH$_TOPLEVELCALL_NAME[AAABjXAACAAABRYAAA]
. process 1 scanning SYS.WRR$_CAPTURE_STATS[AAABpcAACAAABgQAAA]
. process 1 scanning SYS.DBFS_HS$_FS[AAAB4LAACAAAByoAAA]
. process 1 scanning SYS.ALERT_QT[AAADAgAACAAAB4gAAA]
. process 1 scanning XDB.XDB$ROOT_INFO[AAANh1AACAAACTwAAA]
. process 1 scanning XDB.XDB$ANY[AAANqLAACAAADPAAAA]
. process 1 scanning ORDDATA.ORDDCM_DOCS_WRK[AAAODdAACAAAETIAAA]
. process 1 scanning ORDDATA.ORDDCM_CT_PRED_WRK[AAAOEHAACAAAEcIAAA]
. process 1 scanning ORDDATA.ORDDCM_CT_PRED[AAAOCNAACAAAEpoAAA]
. process 1 scanning MDSYS.SDO_ELLIPSOIDS_OLD_SNAPSHOT[AAAPOQAACAAAFPIAAA]
. process 1 scanning SYS.SYS_FBA_TRACKEDTABLES[AAAAS9AABAAABzIAAA]
. process 1 scanning SYSTEM.MVIEW$_ADV_FILTER[AAABALAABAAACJ4AAA]
. process 1 scanning SYS.CHNFDIRECTLOAD$[AAABVTAABAAACtYAAA]
. process 1 scanning SYSTEM.AQ$_INTERNET_AGENTS[AAABYXAABAAACzQAAA]
. process 1 scanning SYS.SCHEDULER$_FILE_WATCHER[AAABcXAABAAAC9YAAA]
. process 1 scanning SYSTEM.REPCAT$_REPSCHEMA[AAABraAABAAADOoAAA]
. process 1 scanning SYS.S_PROPS_TAB[AAAB3lAABAAADiIAAA]
. process 1 scanning SYS.DIR$ESCALATE_OPERATIONS[AAAAFEAACAAAAIoAAA]
. process 1 scanning SYS.WRI$_REPT_FORMATS[AAABN1AACAAAAkIAAA]
. process 1 scanning SYS.WRI$_ADV_INST_FDG[AAABZiAACAAAAsAAAA]
. process 1 scanning SYS.WRH$_IOSTAT_FUNCTION_NAME[AAABguAACAAABAIAAA]
. process 1 scanning SYS.WRH$_SQLCOMMAND_NAME[AAABjVAACAAABRIAAA]
. process 1 scanning SYS.WRH$_ACTIVE_SESSION_HISTORY_BL[AAABkDAACAAABV4AAA]
. process 1 scanning SYS.WRH$_RSRC_CONSUMER_GROUP[AAABkyAACAAABbAAAA]
. process 1 scanning SYS.WRR$_REPLAY_FILTER_SET[AAABp3AACAAABi4AAA]
. process 1 scanning SYS.WRI$_ADV_SQLW_STMTS[AAABp/AACAAABjwAAA]
. process 1 scanning SYS.AQ$_ALERT_QT_L[AAADAtAACAAAB5gAAA]
. process 1 scanning XDB.XDB$ATTRGROUP_DEF[AAANq1AACAAADUQAAA]
. process 1 scanning XDB.XDBACL_PATH_TAB[AAAN08AACAAAD9AAAA]
ORA-30967: operation directly on the Path Table is disallowed

CSS-00144: failed to scan table XDB.XDBACL_PATH_TAB

. process 1 scanning ORDDATA.ORDDCM_PREFS_LOOKUP[AAAOB2AACAAAEQgAAA]
. process 1 scanning ORDDATA.ORDDCM_MAPPING_DOCS_WRK[AAAODwAACAAAETwAAA]
. process 1 scanning ORDDATA.ORDDCM_DATA_MODEL_WRK[AAAOEFAACAAAEewAAA]
. process 1 scanning MDSYS.SDO_COORD_SYS[AAAPKnAACAAAExgAAA]
. process 1 scanning APEX_030200.WWV_FLOW_SW_CREATE_KEYWORDS[AAAPo+AACAAAFlYAAA]
. process 1 scanning APEX_030200.WWV_FLOW_HNT_COLUMN_INFO[AAAPrVAACAAAFqYAAA]
. process 1 scanning APEX_030200.WWV_FLOW_TABS[AAAPkQAACAAAF+wAAA]
. process 1 scanning APEX_030200.WWV_FLOW_RESTRICTED_SCHEMAS[AAAPsPAACAAAGEwAAA]
. process 1 scanning SYS.DAM_CONFIG_PARAM$[AAABToAABAAACoYAAA]
. process 1 scanning SYS.AQ$_PROPAGATION_STATUS[AAABXzAABAAACyYAAA]
. process 1 scanning SYSTEM.REPCAT$_PRIORITY[AAABtnAABAAADToAAA]
. process 1 scanning SYSTEM.REPCAT$_TEMPLATE_TARGETS[AAABxCAABAAADeIAAA]
. process 1 scanning SYS.AQ$_SCHEDULER$_EVENT_QTAB_S[AAAC+sAABAAAGoAAAA]
. process 1 scanning SYS.HS$_FDS_INST[AAADBpAABAAAG0YAAA]
. process 1 scanning SYS.AQ$_AQ_PROP_TABLE_S[AAADETAABAAAG94AAA]
. process 1 scanning SYS.DIR$INSTANCE_ACTIONS[AAAAFOAACAAAAJ4AAA]
. process 1 scanning SYS.WRI$_OPTSTAT_AUX_HISTORY[AAAAHcAACAAAAPYAAA]
. process 1 scanning SYS.COMPARISON_SCAN_VAL$[AAAANKAACAAAAU4AAA]
. process 1 scanning SYS.WRI$_REPT_FILES[AAABNwAACAAAAjgAAA]
. process 1 scanning SYS.WRI$_ADV_EXEC_PARAMETERS[AAABZVAACAAAAqYAAA]
. process 1 scanning SYS.WRI$_DBU_FEATURE_USAGE[AAABeFAACAAAA0oAAA]
. process 1 scanning SYS.WRH$_THREAD[AAABixAACAAABNoAAA]
. process 1 scanning SYS.SQL_TK_ROW_CHK$[AAAB+9AACAAAB0QAAA]
. process 1 scanning WMSYS.WM$WORKSPACES_TABLE[AAADLsAACAAACIgAAA]
. process 1 scanning XDB.XDB$XTAB[AAANy+AACAAAD3gAAA]
. process 1 scanning ORDDATA.ORDDCM_CT_PRED_SET_WRK[AAAOERAACAAAEbAAAA]
. process 1 scanning MDSYS.SDO_COORD_OP_PARAM_USE[AAAPK/AACAAAE5YAAA]
. process 1 scanning APEX_030200.WWV_FLOWS[AAAPisAACAAAFrQAAA]
. process 1 scanning APEX_030200.WWV_MIG_EXPORTER[AAAP9WAACAAAGM4AAA]
. process 1 scanning APEX_030200.WWV_FLOW_FLASH_CHART_SERIES[AAAPtxAACAAAG/AAAA]
. process 1 scanning APEX_030200.WWV_FLOW_WORKSHEET_RPTS[AAAPuxAACAAAHXoAAA]
. process 1 scanning SYS.MAP_EXTELEMENT$[AAAAEUAABAAAAegAAA]
. process 1 scanning SYS.STMT_AUDIT_OPTION_MAP[AAAAFyAABAAAAiYAAA]
. process 1 scanning SYS.STREAMS$_SPLIT_MERGE[AAAAK1AABAAABJ4AAA]
. process 1 scanning SYS.COMPARISON$[AAAANDAACAAAAUAAAA]
. process 1 scanning SYS.AW_PROP$[AAAANyAACAAAAYQAAA]
. process 1 scanning SYS.SSCR_CAP$[AAABXBAACAAAAnYAAA]
. process 1 scanning SYS.WRH$_ROWCACHE_SUMMARY_BL[AAABiPAACAAABJoAAA]
. process 1 scanning SYS.WRH$_PERSISTENT_SUBSCRIBERS[AAABkqAACAAABaAAAA]
. process 1 scanning SYS.WRM$_COLORED_SQL[AAABl1AACAAABfAAAA]
. process 1 scanning SYS.WRR$_SEQUENCE_EXCEPTIONS[AAABp1AACAAABioAAA]
. process 1 scanning SYS.DBFS_HS$_PROPERTY[AAAB4OAACAAABy4AAA]
. process 1 scanning WMSYS.WM$VERSION_HIERARCHY_TABLE[AAADLzAACAAACIwAAA]
. process 1 scanning XDB.Folder36_TAB[AAANwuAACAAADsQAAA]
. process 1 scanning XDB.XDB$MOUNTS[AAAN0gAACAAAD7gAAA]
. process 1 scanning XDB.SC_PT[AAAN2hAACAAAEFAAAA]
ORA-30967: operation directly on the Path Table is disallowed

CSS-00144: failed to scan table XDB.SC_PT

. process 1 scanning MDSYS.SDO_GEOM_METADATA_TABLE[AAAPGIAACAAAEsQAAA]
. process 1 scanning APEX_030200.WWV_FLOW_COMPANY_TYPES[AAAPzSAACAAAFogAAA]
. process 1 scanning APEX_030200.WWV_FLOW_PAGE_GROUPS[AAAPsCAACAAAGR4AAA]
. process 1 scanning SYS.DUC$[AAAACLAABAAAARQAAA]
. process 1 scanning SYS.SERVICE$[AAAAE2AABAAAAhQAAA]
. process 1 scanning SYS.DEFAULT_PWD$[AAAAGiAABAAAAnwAAA]
. process 1 scanning SYS.TABSUBPART$[AAAAJMAABAAAA9YAAA]
. process 1 scanning SYS.SNAP_REFTIME$[AAAAKHAABAAABEgAAA]
. process 1 scanning SYS.STREAMS$_APPLY_PROCESS[AAAAK+AABAAABK4AAA]
. process 1 scanning SYS.APPLY$_CONF_HDLR_COLUMNS[AAAAMCAABAAABSQAAA]
. process 1 scanning SYS.XSTREAM$_SUBSET_RULES[AAAANcAABAAABYQAAA]
. process 1 scanning SYS.OLAP_ATTRIBUTES$[AAAAOjAABAAABdYAAA]
. process 1 scanning SYS.EXTERNAL_LOCATION$[AAAAQRAABAAABrgAAA]
. process 1 scanning SYS.UTL_RECOMP_SORTED[AAAQN9AABAAACdQAAA]
. process 1 scanning SYS.INVALIDATION_REGISTRY$[AAABUJAABAAACpgAAA]
. process 1 scanning SYS.DBFS$_STATS[AAAB3qAACAAAByYAAA]
. process 1 scanning SYSTEM.LOGSTDBY$SKIP_SUPPORT[AAACmBAACAAAB24AAA]
. process 1 scanning EXFSYS.EXF$PARAMETER[AAANfbAACAAACQYAAA]
. process 1 scanning XDB.XDB$D_LINK[AAANiDAACAAACVQAAA]
. process 1 scanning ORDDATA.ORDDCM_ANON_RULE_TYPES[AAAOBsAACAAAESIAAA]
. process 1 scanning APEX_030200.WWV_FLOW_PICK_PAGE_VIEWS[AAAPzKAACAAAFnwAAA]
. process 1 scanning APEX_030200.WWV_MIG_FORMS[AAAQANAACAAAGFQAAA]
. process 1 scanning APEX_030200.WWV_FLOW_REGION_UPD_RPT_COLS[AAAPppAACAAAGTIAAA]
. process 1 scanning SYS.USER$[AAAAAKAABAAAADQAAA]
. process 1 scanning SYS.LINK$[AAAACGAABAAAAQoAAA]
. process 1 scanning SYS.MAP_SUBELEMENT$[AAAAESAABAAAAeQAAA]
. process 1 scanning SYS.RESOURCE_MAP[AAAAEjAABAAAAfwAAA]
. process 1 scanning SYS.RESOURCE_CAPABILITY$[AAAAEsAABAAAAg4AAA]
. process 1 scanning SYS.INDPART$[AAAAJFAABAAAA8gAAA]
. process 1 scanning SYS.SNAP$[AAAAJ/AABAAABDgAAA]
. process 1 scanning SYS.STREAMS$_EXTRA_ATTRS[AAAALIAABAAABMAAAA]
. process 1 scanning SYS.APPLY$_DEST_OBJ_CMAP[AAAALtAABAAABQQAAA]
. process 1 scanning SYS.OLAP_HIER_LEVELS$[AAAAOpAABAAABeIAAA]
. process 1 scanning SYS.DIMATTR$[AAAAPhAABAAABlYAAA]
. process 1 scanning SYS.REGISTRY$SCHEMAS[AAAATJAABAAAB2QAAA]
. process 1 scanning SYS.REC_VAR$[AAABQCAABAAACjQAAA]
. process 1 scanning SYS.SCHEDULER$_JOB_DESTINATIONS[AAABcoAABAAAC+wAAA]
. process 1 scanning SYSTEM.REPCAT$_FLAVORS[AAABrSAABAAADOAAAA]
. process 1 scanning XDB.SYS_NTvNu3ObMcTSehLunR1wescw==[AAANwYAACAAADpoAAA]
. process 1 scanning ORDDATA.ORDDCM_CT_MACRO_PAR_WRK[AAAOEaAACAAAEdIAAA]
. process 1 scanning MDSYS.SDO_TOPO_METADATA_TABLE[AAAPHrAACAAAEsoAAA]
. process 1 scanning MDSYS.SDO_COORD_OP_PARAMS[AAAPK+AACAAAE5IAAA]
. process 1 scanning SYS.MIGRATE$[AAAABnAABAAAANAAAA]
. process 1 scanning SYS.RECYCLEBIN$[AAAACNAABAAAARgAAA]
. process 1 scanning SYS.PENDING_SUB_SESSIONS$[AAAAEKAABAAAAdoAAA]
. process 1 scanning SYS.CDC_SUBSCRIBERS$[AAAAKnAABAAABIYAAA]
. process 1 scanning SYS.STREAMS$_PROCESS_PARAMS[AAAALGAABAAABLwAAA]
. process 1 scanning SYS.OLAP_CUBE_BUILD_PROCESSES$[AAAAOQAABAAABbAAAA]
. process 1 scanning SYS.DIM$[AAAAPXAABAAABkIAAA]
. process 1 scanning SYS.LOGMNRG_ATTRCOL$[AAAARSAABAAABtQAAA]
. process 1 scanning SYS.AUDIT_ACTIONS[AAAA19AABAAACBoAAA]
. process 1 scanning SYSTEM.MVIEW$_ADV_LEVEL[AAABAQAABAAACKgAAA]
. process 1 scanning SYSTEM.MVIEW$_ADV_EXCEPTIONS[AAABAgAABAAACMgAAA]
. process 1 scanning SYS.REG$[AAABXIAABAAACuoAAA]
. process 1 scanning SYS.AQ$_PENDING_MESSAGES[AAABX1AABAAACyoAAA]
. process 1 scanning SYS.WRI$_ALERT_THRESHOLD_LOG[AAABeoAABAAADCIAAA]
. process 1 scanning SYSTEM.REPCAT$_GENERATED[AAABrwAABAAADQoAAA]
. process 1 scanning SYS.DBFS$_MOUNTS[AAAB3kAABAAADiYAAA]
. process 1 scanning SYS.HS$_CLASS_INIT[AAADCRAABAAAG24AAA]
. process 1 scanning SYS.SYSNT/aCrnEljSKSOKJkVyjhLgQ==[AAADGqAABAAAG/AAAA]
. process 1 scanning SYS.DIR$QUIESCE_OPERATIONS[AAAAFJAACAAAAJQAAA]
. process 1 scanning SYS.APPLY$_ERROR[AAAAL7AACAAAARIAAA]
. process 1 scanning SYS.WRI$_ADV_DEF_PARAMETERS[AAABZCAACAAAAoQAAA]
. process 1 scanning SYS.WRI$_ADV_DIRECTIVE_DEFS[AAABZ1AACAAAAuQAAA]
. process 1 scanning SYS.WRI$_SQLSET_DEFINITIONS[AAABfzAACAAAA6oAAA]
. process 1 scanning SYS.TYPED_VIEW$[AAAABGAABAAAAJ4AAA]
. process 1 scanning SYS.DUAL[AAAAB0AABAAAAOgAAA]
. process 1 scanning SYS.FGA_LOG$[AAAAGJAABAAAAlIAAA]
. process 1 scanning SYS.OPTSTAT_HIST_CONTROL$[AAAAHgAABAAAAyYAAA]
. process 1 scanning SYS.SNAP_COLMAP$[AAAAKNAABAAABFQAAA]
. process 1 scanning SYS.STREAMS$_CAPTURE_PROCESS[AAAAK6AABAAABKYAAA]
. process 1 scanning SYS.APPLY$_ERROR_TXN[AAAAL9AABAAABR4AAA]
. process 1 scanning SYS.OLAP_CALCULATED_MEMBERS$[AAAAOIAABAAABaAAAA]
. process 1 scanning SYS.SUMAGG$[AAAAPGAABAAABh4AAA]
. process 1 scanning SYS.DIMJOINKEY$[AAAAPeAABAAABlAAAA]
. process 1 scanning SYSTEM.AQ$_QUEUE_TABLES[AAABXbAABAAACvgAAA]
. process 1 scanning SYS.SCHEDULER$_PROGRAM_ARGUMENT[AAABbiAABAAAC4wAAA]
. process 1 scanning SYS.SCHEDULER$_NOTIFICATION[AAABciAABAAAC+AAAA]
. process 1 scanning SYSTEM.REPCAT$_DDL[AAABsCAABAAADSQAAA]
. process 1 scanning SYSTEM.REPCAT$_TEMPLATE_REFGROUPS[AAABwAAABAAADZwAAA]
. process 1 scanning SYS.DBFS_SFS$_FSTP[AAAB4AAABAAADlYAAA]
. process 1 scanning SYS.HS$_PARALLEL_SAMPLE_DATA[AAADDgAABAAAG6gAAA]
. process 1 scanning SYS.MODEL$[AAAAQTAACAAAAaAAAA]
. process 1 scanning SYS.WRI$_ADV_JOURNAL[AAABaDAACAAAAvwAAA]
. process 1 scanning SYS.WRI$_ALERT_THRESHOLD[AAABemAACAAAA34AAA]
. process 1 scanning SYS.WRI$_SQLSET_WORKSPACE_PLANS[AAABgXAACAAAA94AAA]
. process 1 scanning SYS.WRH$_DATAFILE[AAABgmAACAAAA/IAAA]
. process 1 scanning SYS.WRR$_REPLAY_STATS[AAABpiAACAAABgoAAA]
. process 1 scanning SYSTEM.LOGMNR_PROPS$[AAACSRAACAAAAcoAAA]
. process 1 scanning SYSTEM.LOGMNR_KOPM$[AAACR4AACAAABvQAAA]
. process 1 scanning SYSTEM.LOGSTDBY$APPLY_PROGRESS[AAACl1AACAAAB1YAAA]
. process 1 scanning SYSTEM.LOGMNRC_GTCS[AAACRIAACAAABoQAAA]
. process 1 scanning SYS.WRH$_WAITSTAT[AAAQOlAACAAALGgAAA]
. process 1 scanning SYS.WRH$_DB_CACHE_ADVICE[AAAQQCAACAAAKpgAAA]
. process 1 scanning SYS.WRH$_TABLESPACE_STAT[AAAQQiAACAAAKtYAAA]
. process 1 scanning SYS.WRH$_DB_CACHE_ADVICE[AAADFQAACAAABHQAAA]
. process 1 scanning SYSTEM.LOGMNR_TYPE$[AAACS6AACAAABq4AAA]
. process 1 scanning SYSTEM.LOGMNRC_GSII[AAACRGAACAAABogAAA]
. process 1 scanning SYS.WRH$_ROWCACHE_SUMMARY[AAADFUAACAAABIwAAA]
. process 1 scanning SYSTEM.LOGMNR_PARTOBJ$[AAACSNAACAAABwYAAA]
. process 1 scanning EXFSYS.RLM$JOBQUEUE
. process 1 scanning EXFSYS.RLM4J$EVTSTRUCTS
. process 1 scanning EXFSYS.RLM4J$RULESET
. process 1 scanning EXFSYS.RLM4J$ATTRALIASES
. process 1 scanning APEX_030200.WWV_FLOW_JOB_BIND_VALUES
. process 1 scanning SYS.SQLOBJ$
. process 1 scanning SYS.SQLOBJ$DATA
. process 1 scanning SYS.CHNF$_GROUP_FILTER_IOT
. process 1 scanning SYS.RECENT_RESOURCE_INCARNATIONS$
. process 1 scanning SYS.WRR$_REPLAY_SCN_ORDER
. process 1 scanning SYS.WRR$_REPLAY_SEQ_DATA
. process 1 scanning SYS.AQ$_SCHEDULER$_EVENT_QTAB_T
. process 1 scanning SYS.AQ$_SCHEDULER$_EVENT_QTAB_H
. process 1 scanning SYS.AQ$_SCHEDULER$_EVENT_QTAB_G
. process 1 scanning SYS.AQ$_SCHEDULER$_EVENT_QTAB_I
. process 1 scanning SYS.AQ$_SCHEDULER$_REMDB_JOBQTAB_T
. process 1 scanning SYS.AQ$_SCHEDULER$_REMDB_JOBQTAB_H
. process 1 scanning SYS.AQ$_SCHEDULER$_REMDB_JOBQTAB_G
. process 1 scanning SYS.AQ$_SCHEDULER$_REMDB_JOBQTAB_I
. process 1 scanning SYS.AQ$_SCHEDULER_FILEWATCHER_QT_T
. process 1 scanning SYS.AQ$_SCHEDULER_FILEWATCHER_QT_H
. process 1 scanning SYS.AQ$_SCHEDULER_FILEWATCHER_QT_G
. process 1 scanning SYS.AQ$_SCHEDULER_FILEWATCHER_QT_I
. process 1 scanning SYS.AQ$_ALERT_QT_T
. process 1 scanning SYS.AQ$_ALERT_QT_H
. process 1 scanning SYS.AQ$_ALERT_QT_G
. process 1 scanning SYS.AQ$_ALERT_QT_I
. process 1 scanning SYS.AQ$_AQ$_MEM_MC_T
. process 1 scanning SYS.AQ$_AQ$_MEM_MC_H
. process 1 scanning SYS.AQ$_AQ$_MEM_MC_G
. process 1 scanning SYS.AQ$_AQ$_MEM_MC_I
. process 1 scanning SYS.AQ$_AQ_PROP_TABLE_T
. process 1 scanning SYS.AQ$_AQ_PROP_TABLE_H
. process 1 scanning SYS.AQ$_AQ_PROP_TABLE_G
. process 1 scanning SYS.AQ$_AQ_PROP_TABLE_I
. process 1 scanning SYS.AQ$_KUPC$DATAPUMP_QUETAB_T
. process 1 scanning SYS.AQ$_KUPC$DATAPUMP_QUETAB_H
. process 1 scanning SYS.AQ$_KUPC$DATAPUMP_QUETAB_G
. process 1 scanning SYS.AQ$_KUPC$DATAPUMP_QUETAB_I
. process 1 scanning SYS.AQ$_SYS$SERVICE_METRICS_TAB_T
. process 1 scanning SYS.AQ$_SYS$SERVICE_METRICS_TAB_H
. process 1 scanning SYS.AQ$_SYS$SERVICE_METRICS_TAB_G
. process 1 scanning SYS.AQ$_SYS$SERVICE_METRICS_TAB_I
. process 1 scanning DBSNMP.BSLN_TIMEGROUPS
. process 1 scanning WMSYS.AQ$_WM$EVENT_QUEUE_TABLE_T
. process 1 scanning WMSYS.AQ$_WM$EVENT_QUEUE_TABLE_H
. process 1 scanning WMSYS.AQ$_WM$EVENT_QUEUE_TABLE_G
. process 1 scanning WMSYS.AQ$_WM$EVENT_QUEUE_TABLE_I
. process 1 scanning EXFSYS.EXF$ATTRSET
. process 1 scanning EXFSYS.EXF$EXPRSET
. process 1 scanning EXFSYS.EXF$EXPSETPRIVS
. process 1 scanning EXFSYS.EXF$ATTRLIST
. process 1 scanning EXFSYS.EXF$ASUDFLIST
. process 1 scanning EXFSYS.EXF$IDXSECOBJ
. process 1 scanning EXFSYS.EXF$EXPSETSTATS
. process 1 scanning EXFSYS.RLM$ERRCODE
. process 1 scanning EXFSYS.RLM$RULESETSTCODE
. process 1 scanning EXFSYS.RLM$EVENTSTRUCT
. process 1 scanning EXFSYS.RLM$RULESET
. process 1 scanning EXFSYS.RLM$RULESETPRIVS
. process 1 scanning EXFSYS.RLM$RSPRIMEVENTS
. process 1 scanning EXFSYS.RLM$PRIMEVTTYPEMAP
. process 1 scanning EXFSYS.RLM$EQUALSPEC
. process 1 scanning EXFSYS.RLM$COLLGRPBYSPEC
. process 1 scanning EXFSYS.RLM$ORDERCLSALS
. process 1 scanning EXFSYS.RLM$DMLEVTTRIGS
. process 1 scanning EXFSYS.RLM$VALIDPRIVS
. process 1 scanning EXFSYS.RLM$INCRRRSCHACT
. process 1 scanning EXFSYS.RLM$SCHACTERRS

Creating Database Scan Summary Report...

Creating Individual Exception Report...

Scanner terminated successfully.
